
| ECJ
| An evolutionary computation system (version 20)
| By Sean Luke
| Contributors: L. Panait, G. Balan, S. Paus, Z. Skolicki, R. Kicinger, E. Popovici,
|               K. Sullivan, J. Harrison, J. Bassett, R. Hubley, A. Desai, A. Chircop,
|               J. Compton, W. Haddon, S. Donnelly, B. Jamil, J. Zelibor, E. Kangas,
|               F. Abidi, H. Mooers, and J. O'Beirne
| URL: http://cs.gmu.edu/~eclab/projects/ecj/
| Mail: ecj-help@cs.gmu.edu
|       (better: join ECJ-INTEREST at URL above)
| Date: December 15, 2010
| Current Java: 1.7.0_04 / Java HotSpot(TM) 64-Bit Server VM-23.0-b21
| Required Minimum Java: 1.4


ONCE-ONLY WARNING:
Using automatic determination number of threads, but not all seeds are defined.
The rest will be defined using the wall clock time.
Threads:  breed/8 eval/8
Seed: -500226434 134280905 214128957 342141245 839284172 -500226429 -500226428 -500226427 
Job: 0
Setting up
Processing GP Types
Processing GP Node Constraints
Processing GP Function Sets
Processing GP Tree Constraints
WARNING:
In function set f0 for the GPTreeConstraints tc0, no *nonterminals* are given with the return type c_a which is required by other functions in the function set or by the tree's return type.  This may or may not be a problem for you.
PARAMETER: gp.tc.0
WARNING:
In function set f0 for the GPTreeConstraints tc0, no *nonterminals* are given with the return type c_degree which is required by other functions in the function set or by the tree's return type.  This may or may not be a problem for you.
PARAMETER: gp.tc.0
WARNING:
In function set f0 for the GPTreeConstraints tc0, no *nonterminals* are given with the return type c_coef which is required by other functions in the function set or by the tree's return type.  This may or may not be a problem for you.
PARAMETER: gp.tc.0
WARNING:
In function set f0 for the GPTreeConstraints tc0, no *nonterminals* are given with the return type c_gamma which is required by other functions in the function set or by the tree's return type.  This may or may not be a problem for you.
PARAMETER: gp.tc.0
Reading /home/adhd/kernelgp/Kernel-GP/ecj-svm/data/vowel.scale.seed0.tr
Reading /home/adhd/kernelgp/Kernel-GP/ecj-svm/data/vowel.scale.seed0.t
ONCE-ONLY WARNING:
KozaStatistics is deprecated and will soon be deleted.  Use SimpleStatistics instead.
Initializing Generation 0
Subpop 0 best fitness of generation: Fitness: Standardized=0.04761905 Adjusted=0.9545454 Hits=0
Generation 1
Subpop 0 best fitness of generation: Fitness: Standardized=0.38947368 Adjusted=0.719697 Hits=0
Generation 2
Subpop 0 best fitness of generation: Fitness: Standardized=0.12820514 Adjusted=0.88636357 Hits=0
Generation 3
Subpop 0 best fitness of generation: Fitness: Standardized=0.12820514 Adjusted=0.88636357 Hits=0
Generation 4
Subpop 0 best fitness of generation: Fitness: Standardized=0.12820514 Adjusted=0.88636357 Hits=0
Generation 5
Subpop 0 best fitness of generation: Fitness: Standardized=0.12820514 Adjusted=0.88636357 Hits=0
Subpop 0 best fitness of run: Fitness: Standardized=0.04761905 Adjusted=0.9545454 Hits=0
Reading /home/adhd/kernelgp/Kernel-GP/ecj-svm/data/vowel.scale.seed0.tr
Reading /home/adhd/kernelgp/Kernel-GP/ecj-svm/data/vowel.scale.seed0.val

| ECJ
| An evolutionary computation system (version 20)
| By Sean Luke
| Contributors: L. Panait, G. Balan, S. Paus, Z. Skolicki, R. Kicinger, E. Popovici,
|               K. Sullivan, J. Harrison, J. Bassett, R. Hubley, A. Desai, A. Chircop,
|               J. Compton, W. Haddon, S. Donnelly, B. Jamil, J. Zelibor, E. Kangas,
|               F. Abidi, H. Mooers, and J. O'Beirne
| URL: http://cs.gmu.edu/~eclab/projects/ecj/
| Mail: ecj-help@cs.gmu.edu
|       (better: join ECJ-INTEREST at URL above)
| Date: December 15, 2010
| Current Java: 1.7.0_04 / Java HotSpot(TM) 64-Bit Server VM-23.0-b21
| Required Minimum Java: 1.4


ONCE-ONLY WARNING:
Using automatic determination number of threads, but not all seeds are defined.
The rest will be defined using the wall clock time.
Threads:  breed/8 eval/8
Seed: -500150899 134280905 214128957 342141245 839284172 -500150894 -500150893 -500150892 
Job: 0
Setting up
Processing GP Types
Processing GP Node Constraints
Processing GP Function Sets
Processing GP Tree Constraints
WARNING:
In function set f0 for the GPTreeConstraints tc0, no *nonterminals* are given with the return type c_a which is required by other functions in the function set or by the tree's return type.  This may or may not be a problem for you.
PARAMETER: gp.tc.0
WARNING:
In function set f0 for the GPTreeConstraints tc0, no *nonterminals* are given with the return type c_degree which is required by other functions in the function set or by the tree's return type.  This may or may not be a problem for you.
PARAMETER: gp.tc.0
WARNING:
In function set f0 for the GPTreeConstraints tc0, no *nonterminals* are given with the return type c_coef which is required by other functions in the function set or by the tree's return type.  This may or may not be a problem for you.
PARAMETER: gp.tc.0
WARNING:
In function set f0 for the GPTreeConstraints tc0, no *nonterminals* are given with the return type c_gamma which is required by other functions in the function set or by the tree's return type.  This may or may not be a problem for you.
PARAMETER: gp.tc.0
Reading /home/adhd/kernelgp/Kernel-GP/ecj-svm/data/vowel.scale.seed1.tr
Reading /home/adhd/kernelgp/Kernel-GP/ecj-svm/data/vowel.scale.seed1.t
ONCE-ONLY WARNING:
KozaStatistics is deprecated and will soon be deleted.  Use SimpleStatistics instead.
Initializing Generation 0
Subpop 0 best fitness of generation: Fitness: Standardized=0.08196721 Adjusted=0.9242424 Hits=0
Generation 1
Subpop 0 best fitness of generation: Fitness: Standardized=0.17857143 Adjusted=0.8484848 Hits=0
Generation 2
Subpop 0 best fitness of generation: Fitness: Standardized=0.22222222 Adjusted=0.8181818 Hits=0
Generation 3
Subpop 0 best fitness of generation: Fitness: Standardized=0.22222222 Adjusted=0.8181818 Hits=0
Generation 4
Subpop 0 best fitness of generation: Fitness: Standardized=0.2 Adjusted=0.8333333 Hits=0
Generation 5
Subpop 0 best fitness of generation: Fitness: Standardized=0.2 Adjusted=0.8333333 Hits=0
Subpop 0 best fitness of run: Fitness: Standardized=0.08196721 Adjusted=0.9242424 Hits=0
Reading /home/adhd/kernelgp/Kernel-GP/ecj-svm/data/vowel.scale.seed1.tr
Reading /home/adhd/kernelgp/Kernel-GP/ecj-svm/data/vowel.scale.seed1.val
