
| ECJ
| An evolutionary computation system (version 20)
| By Sean Luke
| Contributors: L. Panait, G. Balan, S. Paus, Z. Skolicki, R. Kicinger, E. Popovici,
|               K. Sullivan, J. Harrison, J. Bassett, R. Hubley, A. Desai, A. Chircop,
|               J. Compton, W. Haddon, S. Donnelly, B. Jamil, J. Zelibor, E. Kangas,
|               F. Abidi, H. Mooers, and J. O'Beirne
| URL: http://cs.gmu.edu/~eclab/projects/ecj/
| Mail: ecj-help@cs.gmu.edu
|       (better: join ECJ-INTEREST at URL above)
| Date: December 15, 2010
| Current Java: 1.6.0_24 / OpenJDK Server VM-20.0-b12
| Required Minimum Java: 1.4


ONCE-ONLY WARNING:
Using automatic determination number of threads, but not all seeds are defined.
The rest will be defined using the wall clock time.
Threads:  breed/2 eval/2
Seed: 757795877 757795878 
Job: 0
Setting up
Processing GP Types
Processing GP Node Constraints
Processing GP Function Sets
Processing GP Tree Constraints
WARNING:
In function set f0 for the GPTreeConstraints tc0, no *nonterminals* are given with the return type c_coef which is required by other functions in the function set or by the tree's return type.  This may or may not be a problem for you.
PARAMETER: gp.tc.0
WARNING:
In function set f0 for the GPTreeConstraints tc0, no *nonterminals* are given with the return type c_degree which is required by other functions in the function set or by the tree's return type.  This may or may not be a problem for you.
PARAMETER: gp.tc.0
WARNING:
In function set f0 for the GPTreeConstraints tc0, no *nonterminals* are given with the return type c_gamma which is required by other functions in the function set or by the tree's return type.  This may or may not be a problem for you.
PARAMETER: gp.tc.0
WARNING:
In function set f0 for the GPTreeConstraints tc0, no *nonterminals* are given with the return type c_a which is required by other functions in the function set or by the tree's return type.  This may or may not be a problem for you.
PARAMETER: gp.tc.0
Reading data/iris.scale.tr
Reading data/iris.scale.t
ONCE-ONLY WARNING:
KozaStatistics is deprecated and will soon be deleted.  Use SimpleStatistics instead.
Initializing Generation 0
Subpop 0 best fitness of generation: Fitness: Standardized=0.071428575 Adjusted=0.93333334 Hits=0
Subpop 0 best fitness of run: Fitness: Standardized=0.071428575 Adjusted=0.93333334 Hits=0
Reading data/iris.scale.tr
Reading data/iris.scale.v

| ECJ
| An evolutionary computation system (version 20)
| By Sean Luke
| Contributors: L. Panait, G. Balan, S. Paus, Z. Skolicki, R. Kicinger, E. Popovici,
|               K. Sullivan, J. Harrison, J. Bassett, R. Hubley, A. Desai, A. Chircop,
|               J. Compton, W. Haddon, S. Donnelly, B. Jamil, J. Zelibor, E. Kangas,
|               F. Abidi, H. Mooers, and J. O'Beirne
| URL: http://cs.gmu.edu/~eclab/projects/ecj/
| Mail: ecj-help@cs.gmu.edu
|       (better: join ECJ-INTEREST at URL above)
| Date: December 15, 2010
| Current Java: 1.6.0_24 / OpenJDK Server VM-20.0-b12
| Required Minimum Java: 1.4


ONCE-ONLY WARNING:
Using automatic determination number of threads, but not all seeds are defined.
The rest will be defined using the wall clock time.
Threads:  breed/2 eval/2
Seed: 757796460 757796461 
Job: 0
Setting up
Processing GP Types
Processing GP Node Constraints
Processing GP Function Sets
Processing GP Tree Constraints
WARNING:
In function set f0 for the GPTreeConstraints tc0, no *nonterminals* are given with the return type c_gamma which is required by other functions in the function set or by the tree's return type.  This may or may not be a problem for you.
PARAMETER: gp.tc.0
WARNING:
In function set f0 for the GPTreeConstraints tc0, no *nonterminals* are given with the return type c_coef which is required by other functions in the function set or by the tree's return type.  This may or may not be a problem for you.
PARAMETER: gp.tc.0
WARNING:
In function set f0 for the GPTreeConstraints tc0, no *nonterminals* are given with the return type c_degree which is required by other functions in the function set or by the tree's return type.  This may or may not be a problem for you.
PARAMETER: gp.tc.0
WARNING:
In function set f0 for the GPTreeConstraints tc0, no *nonterminals* are given with the return type c_a which is required by other functions in the function set or by the tree's return type.  This may or may not be a problem for you.
PARAMETER: gp.tc.0
Reading data/iris.scale.tr
Reading data/iris.scale.t
ONCE-ONLY WARNING:
KozaStatistics is deprecated and will soon be deleted.  Use SimpleStatistics instead.
Initializing Generation 0
Subpop 0 best fitness of generation: Fitness: Standardized=0.071428575 Adjusted=0.93333334 Hits=0
Generation 1
Subpop 0 best fitness of generation: Fitness: Standardized=0.071428575 Adjusted=0.93333334 Hits=0
Generation 2
Subpop 0 best fitness of generation: Fitness: Standardized=0.071428575 Adjusted=0.93333334 Hits=0
Subpop 0 best fitness of run: Fitness: Standardized=0.071428575 Adjusted=0.93333334 Hits=0
Reading data/iris.scale.tr
Reading data/iris.scale.v

| ECJ
| An evolutionary computation system (version 20)
| By Sean Luke
| Contributors: L. Panait, G. Balan, S. Paus, Z. Skolicki, R. Kicinger, E. Popovici,
|               K. Sullivan, J. Harrison, J. Bassett, R. Hubley, A. Desai, A. Chircop,
|               J. Compton, W. Haddon, S. Donnelly, B. Jamil, J. Zelibor, E. Kangas,
|               F. Abidi, H. Mooers, and J. O'Beirne
| URL: http://cs.gmu.edu/~eclab/projects/ecj/
| Mail: ecj-help@cs.gmu.edu
|       (better: join ECJ-INTEREST at URL above)
| Date: December 15, 2010
| Current Java: 1.6.0_24 / OpenJDK Server VM-20.0-b12
| Required Minimum Java: 1.4


ONCE-ONLY WARNING:
Using automatic determination number of threads, but not all seeds are defined.
The rest will be defined using the wall clock time.
Threads:  breed/2 eval/2
Seed: 757797148 757797149 
Job: 0
Setting up
Processing GP Types
Processing GP Node Constraints
Processing GP Function Sets
Processing GP Tree Constraints
WARNING:
In function set f0 for the GPTreeConstraints tc0, no *nonterminals* are given with the return type c_gamma which is required by other functions in the function set or by the tree's return type.  This may or may not be a problem for you.
PARAMETER: gp.tc.0
WARNING:
In function set f0 for the GPTreeConstraints tc0, no *nonterminals* are given with the return type c_coef which is required by other functions in the function set or by the tree's return type.  This may or may not be a problem for you.
PARAMETER: gp.tc.0
WARNING:
In function set f0 for the GPTreeConstraints tc0, no *nonterminals* are given with the return type c_degree which is required by other functions in the function set or by the tree's return type.  This may or may not be a problem for you.
PARAMETER: gp.tc.0
WARNING:
In function set f0 for the GPTreeConstraints tc0, no *nonterminals* are given with the return type c_a which is required by other functions in the function set or by the tree's return type.  This may or may not be a problem for you.
PARAMETER: gp.tc.0
Reading data/iris.scale.tr
Reading data/iris.scale.t
ONCE-ONLY WARNING:
KozaStatistics is deprecated and will soon be deleted.  Use SimpleStatistics instead.
Initializing Generation 0
Subpop 0 best fitness of generation: Fitness: Standardized=0.03448276 Adjusted=0.9666667 Hits=0
Generation 1
Subpop 0 best fitness of generation: Fitness: Standardized=0.03448276 Adjusted=0.9666667 Hits=0
Generation 2
Subpop 0 best fitness of generation: Fitness: Standardized=0.03448276 Adjusted=0.9666667 Hits=0
Generation 3
Subpop 0 best fitness of generation: Fitness: Standardized=0.03448276 Adjusted=0.9666667 Hits=0
Generation 4
Subpop 0 best fitness of generation: Fitness: Standardized=0.03448276 Adjusted=0.9666667 Hits=0
Subpop 0 best fitness of run: Fitness: Standardized=0.03448276 Adjusted=0.9666667 Hits=0
Reading data/iris.scale.tr
Reading data/iris.scale.v

| ECJ
| An evolutionary computation system (version 20)
| By Sean Luke
| Contributors: L. Panait, G. Balan, S. Paus, Z. Skolicki, R. Kicinger, E. Popovici,
|               K. Sullivan, J. Harrison, J. Bassett, R. Hubley, A. Desai, A. Chircop,
|               J. Compton, W. Haddon, S. Donnelly, B. Jamil, J. Zelibor, E. Kangas,
|               F. Abidi, H. Mooers, and J. O'Beirne
| URL: http://cs.gmu.edu/~eclab/projects/ecj/
| Mail: ecj-help@cs.gmu.edu
|       (better: join ECJ-INTEREST at URL above)
| Date: December 15, 2010
| Current Java: 1.6.0_24 / OpenJDK Server VM-20.0-b12
| Required Minimum Java: 1.4


ONCE-ONLY WARNING:
Using automatic determination number of threads, but not all seeds are defined.
The rest will be defined using the wall clock time.
Threads:  breed/2 eval/2
Seed: 757797760 757797761 
Job: 0
Setting up
Processing GP Types
Processing GP Node Constraints
Processing GP Function Sets
Processing GP Tree Constraints
WARNING:
In function set f0 for the GPTreeConstraints tc0, no *nonterminals* are given with the return type c_gamma which is required by other functions in the function set or by the tree's return type.  This may or may not be a problem for you.
PARAMETER: gp.tc.0
WARNING:
In function set f0 for the GPTreeConstraints tc0, no *nonterminals* are given with the return type c_coef which is required by other functions in the function set or by the tree's return type.  This may or may not be a problem for you.
PARAMETER: gp.tc.0
WARNING:
In function set f0 for the GPTreeConstraints tc0, no *nonterminals* are given with the return type c_degree which is required by other functions in the function set or by the tree's return type.  This may or may not be a problem for you.
PARAMETER: gp.tc.0
WARNING:
In function set f0 for the GPTreeConstraints tc0, no *nonterminals* are given with the return type c_a which is required by other functions in the function set or by the tree's return type.  This may or may not be a problem for you.
PARAMETER: gp.tc.0
Reading data/iris.scale.tr
Reading data/iris.scale.t
ONCE-ONLY WARNING:
KozaStatistics is deprecated and will soon be deleted.  Use SimpleStatistics instead.
Initializing Generation 0
Subpop 0 best fitness of generation: Fitness: Standardized=0.03448276 Adjusted=0.9666667 Hits=0
Subpop 0 best fitness of run: Fitness: Standardized=0.03448276 Adjusted=0.9666667 Hits=0
Reading data/iris.scale.tr
Reading data/iris.scale.v

| ECJ
| An evolutionary computation system (version 20)
| By Sean Luke
| Contributors: L. Panait, G. Balan, S. Paus, Z. Skolicki, R. Kicinger, E. Popovici,
|               K. Sullivan, J. Harrison, J. Bassett, R. Hubley, A. Desai, A. Chircop,
|               J. Compton, W. Haddon, S. Donnelly, B. Jamil, J. Zelibor, E. Kangas,
|               F. Abidi, H. Mooers, and J. O'Beirne
| URL: http://cs.gmu.edu/~eclab/projects/ecj/
| Mail: ecj-help@cs.gmu.edu
|       (better: join ECJ-INTEREST at URL above)
| Date: December 15, 2010
| Current Java: 1.6.0_24 / OpenJDK Server VM-20.0-b12
| Required Minimum Java: 1.4


ONCE-ONLY WARNING:
Using automatic determination number of threads, but not all seeds are defined.
The rest will be defined using the wall clock time.
Threads:  breed/2 eval/2
Seed: 757798903 757798904 
Job: 0
Setting up
Processing GP Types
Processing GP Node Constraints
Processing GP Function Sets
Processing GP Tree Constraints
WARNING:
In function set f0 for the GPTreeConstraints tc0, no *nonterminals* are given with the return type c_gamma which is required by other functions in the function set or by the tree's return type.  This may or may not be a problem for you.
PARAMETER: gp.tc.0
WARNING:
In function set f0 for the GPTreeConstraints tc0, no *nonterminals* are given with the return type c_coef which is required by other functions in the function set or by the tree's return type.  This may or may not be a problem for you.
PARAMETER: gp.tc.0
WARNING:
In function set f0 for the GPTreeConstraints tc0, no *nonterminals* are given with the return type c_degree which is required by other functions in the function set or by the tree's return type.  This may or may not be a problem for you.
PARAMETER: gp.tc.0
WARNING:
In function set f0 for the GPTreeConstraints tc0, no *nonterminals* are given with the return type c_a which is required by other functions in the function set or by the tree's return type.  This may or may not be a problem for you.
PARAMETER: gp.tc.0
Reading data/iris.scale.tr
Reading data/iris.scale.t
ONCE-ONLY WARNING:
KozaStatistics is deprecated and will soon be deleted.  Use SimpleStatistics instead.
Initializing Generation 0
Subpop 0 best fitness of generation: Fitness: Standardized=0.03448276 Adjusted=0.9666667 Hits=0
Generation 1
Subpop 0 best fitness of generation: Fitness: Standardized=0.03448276 Adjusted=0.9666667 Hits=0
Generation 2
Subpop 0 best fitness of generation: Fitness: Standardized=0.03448276 Adjusted=0.9666667 Hits=0
Subpop 0 best fitness of run: Fitness: Standardized=0.03448276 Adjusted=0.9666667 Hits=0
Reading data/iris.scale.tr
Reading data/iris.scale.v

| ECJ
| An evolutionary computation system (version 20)
| By Sean Luke
| Contributors: L. Panait, G. Balan, S. Paus, Z. Skolicki, R. Kicinger, E. Popovici,
|               K. Sullivan, J. Harrison, J. Bassett, R. Hubley, A. Desai, A. Chircop,
|               J. Compton, W. Haddon, S. Donnelly, B. Jamil, J. Zelibor, E. Kangas,
|               F. Abidi, H. Mooers, and J. O'Beirne
| URL: http://cs.gmu.edu/~eclab/projects/ecj/
| Mail: ecj-help@cs.gmu.edu
|       (better: join ECJ-INTEREST at URL above)
| Date: December 15, 2010
| Current Java: 1.6.0_24 / OpenJDK Server VM-20.0-b12
| Required Minimum Java: 1.4


ONCE-ONLY WARNING:
Using automatic determination number of threads, but not all seeds are defined.
The rest will be defined using the wall clock time.
Threads:  breed/2 eval/2
Seed: 757800584 757800585 
Job: 0
Setting up
Processing GP Types
Processing GP Node Constraints
Processing GP Function Sets
Processing GP Tree Constraints
WARNING:
In function set f0 for the GPTreeConstraints tc0, no *nonterminals* are given with the return type c_gamma which is required by other functions in the function set or by the tree's return type.  This may or may not be a problem for you.
PARAMETER: gp.tc.0
WARNING:
In function set f0 for the GPTreeConstraints tc0, no *nonterminals* are given with the return type c_coef which is required by other functions in the function set or by the tree's return type.  This may or may not be a problem for you.
PARAMETER: gp.tc.0
WARNING:
In function set f0 for the GPTreeConstraints tc0, no *nonterminals* are given with the return type c_degree which is required by other functions in the function set or by the tree's return type.  This may or may not be a problem for you.
PARAMETER: gp.tc.0
WARNING:
In function set f0 for the GPTreeConstraints tc0, no *nonterminals* are given with the return type c_a which is required by other functions in the function set or by the tree's return type.  This may or may not be a problem for you.
PARAMETER: gp.tc.0
Reading data/iris.scale.tr
Reading data/iris.scale.t
ONCE-ONLY WARNING:
KozaStatistics is deprecated and will soon be deleted.  Use SimpleStatistics instead.
Initializing Generation 0
Subpop 0 best fitness of generation: Fitness: Standardized=0.03448276 Adjusted=0.9666667 Hits=0
Generation 1
Subpop 0 best fitness of generation: Fitness: Standardized=0.03448276 Adjusted=0.9666667 Hits=0
Generation 2
Subpop 0 best fitness of generation: Fitness: Standardized=0.03448276 Adjusted=0.9666667 Hits=0
Generation 3
Subpop 0 best fitness of generation: Fitness: Standardized=0.03448276 Adjusted=0.9666667 Hits=0
Generation 4
Subpop 0 best fitness of generation: Fitness: Standardized=0.03448276 Adjusted=0.9666667 Hits=0
Subpop 0 best fitness of run: Fitness: Standardized=0.03448276 Adjusted=0.9666667 Hits=0
Reading data/iris.scale.tr
Reading data/iris.scale.v

| ECJ
| An evolutionary computation system (version 20)
| By Sean Luke
| Contributors: L. Panait, G. Balan, S. Paus, Z. Skolicki, R. Kicinger, E. Popovici,
|               K. Sullivan, J. Harrison, J. Bassett, R. Hubley, A. Desai, A. Chircop,
|               J. Compton, W. Haddon, S. Donnelly, B. Jamil, J. Zelibor, E. Kangas,
|               F. Abidi, H. Mooers, and J. O'Beirne
| URL: http://cs.gmu.edu/~eclab/projects/ecj/
| Mail: ecj-help@cs.gmu.edu
|       (better: join ECJ-INTEREST at URL above)
| Date: December 15, 2010
| Current Java: 1.6.0_24 / OpenJDK Server VM-20.0-b12
| Required Minimum Java: 1.4


ONCE-ONLY WARNING:
Using automatic determination number of threads, but not all seeds are defined.
The rest will be defined using the wall clock time.
Threads:  breed/2 eval/2
Seed: 757877646 757877647 
Job: 0
Setting up
Processing GP Types
Processing GP Node Constraints
Processing GP Function Sets
Processing GP Tree Constraints
WARNING:
In function set f0 for the GPTreeConstraints tc0, no *nonterminals* are given with the return type c_gamma which is required by other functions in the function set or by the tree's return type.  This may or may not be a problem for you.
PARAMETER: gp.tc.0
WARNING:
In function set f0 for the GPTreeConstraints tc0, no *nonterminals* are given with the return type c_coef which is required by other functions in the function set or by the tree's return type.  This may or may not be a problem for you.
PARAMETER: gp.tc.0
WARNING:
In function set f0 for the GPTreeConstraints tc0, no *nonterminals* are given with the return type c_degree which is required by other functions in the function set or by the tree's return type.  This may or may not be a problem for you.
PARAMETER: gp.tc.0
WARNING:
In function set f0 for the GPTreeConstraints tc0, no *nonterminals* are given with the return type c_a which is required by other functions in the function set or by the tree's return type.  This may or may not be a problem for you.
PARAMETER: gp.tc.0
Reading data/iris.scale.tr
Reading data/iris.scale.t
ONCE-ONLY WARNING:
KozaStatistics is deprecated and will soon be deleted.  Use SimpleStatistics instead.
Initializing Generation 0
Subpop 0 best fitness of generation: Fitness: Standardized=0.03448276 Adjusted=0.9666667 Hits=0
Subpop 0 best fitness of run: Fitness: Standardized=0.03448276 Adjusted=0.9666667 Hits=0
Reading data/iris.scale.tr
Reading data/iris.scale.v

| ECJ
| An evolutionary computation system (version 20)
| By Sean Luke
| Contributors: L. Panait, G. Balan, S. Paus, Z. Skolicki, R. Kicinger, E. Popovici,
|               K. Sullivan, J. Harrison, J. Bassett, R. Hubley, A. Desai, A. Chircop,
|               J. Compton, W. Haddon, S. Donnelly, B. Jamil, J. Zelibor, E. Kangas,
|               F. Abidi, H. Mooers, and J. O'Beirne
| URL: http://cs.gmu.edu/~eclab/projects/ecj/
| Mail: ecj-help@cs.gmu.edu
|       (better: join ECJ-INTEREST at URL above)
| Date: December 15, 2010
| Current Java: 1.6.0_24 / OpenJDK Server VM-20.0-b12
| Required Minimum Java: 1.4


ONCE-ONLY WARNING:
Using automatic determination number of threads, but not all seeds are defined.
The rest will be defined using the wall clock time.
Threads:  breed/2 eval/2
Seed: 757906284 757906285 
Job: 0
Setting up
Processing GP Types
Processing GP Node Constraints
Processing GP Function Sets
Processing GP Tree Constraints
WARNING:
In function set f0 for the GPTreeConstraints tc0, no *nonterminals* are given with the return type c_coef which is required by other functions in the function set or by the tree's return type.  This may or may not be a problem for you.
PARAMETER: gp.tc.0
WARNING:
In function set f0 for the GPTreeConstraints tc0, no *nonterminals* are given with the return type c_degree which is required by other functions in the function set or by the tree's return type.  This may or may not be a problem for you.
PARAMETER: gp.tc.0
WARNING:
In function set f0 for the GPTreeConstraints tc0, no *nonterminals* are given with the return type c_gamma which is required by other functions in the function set or by the tree's return type.  This may or may not be a problem for you.
PARAMETER: gp.tc.0
WARNING:
In function set f0 for the GPTreeConstraints tc0, no *nonterminals* are given with the return type c_a which is required by other functions in the function set or by the tree's return type.  This may or may not be a problem for you.
PARAMETER: gp.tc.0
Reading data/iris.scale.tr
Reading data/iris.scale.t
ONCE-ONLY WARNING:
KozaStatistics is deprecated and will soon be deleted.  Use SimpleStatistics instead.
Initializing Generation 0
Subpop 0 best fitness of generation: Fitness: Standardized=0.03448276 Adjusted=0.9666667 Hits=0
Generation 1
Subpop 0 best fitness of generation: Fitness: Standardized=0.03448276 Adjusted=0.9666667 Hits=0
Generation 2
Subpop 0 best fitness of generation: Fitness: Standardized=0.03448276 Adjusted=0.9666667 Hits=0
Subpop 0 best fitness of run: Fitness: Standardized=0.03448276 Adjusted=0.9666667 Hits=0
Reading data/iris.scale.tr
Reading data/iris.scale.v

| ECJ
| An evolutionary computation system (version 20)
| By Sean Luke
| Contributors: L. Panait, G. Balan, S. Paus, Z. Skolicki, R. Kicinger, E. Popovici,
|               K. Sullivan, J. Harrison, J. Bassett, R. Hubley, A. Desai, A. Chircop,
|               J. Compton, W. Haddon, S. Donnelly, B. Jamil, J. Zelibor, E. Kangas,
|               F. Abidi, H. Mooers, and J. O'Beirne
| URL: http://cs.gmu.edu/~eclab/projects/ecj/
| Mail: ecj-help@cs.gmu.edu
|       (better: join ECJ-INTEREST at URL above)
| Date: December 15, 2010
| Current Java: 1.6.0_24 / OpenJDK Server VM-20.0-b12
| Required Minimum Java: 1.4


ONCE-ONLY WARNING:
Using automatic determination number of threads, but not all seeds are defined.
The rest will be defined using the wall clock time.
Threads:  breed/2 eval/2
Seed: 757949426 757949427 
Job: 0
Setting up
Processing GP Types
Processing GP Node Constraints
Processing GP Function Sets
Processing GP Tree Constraints
WARNING:
In function set f0 for the GPTreeConstraints tc0, no *nonterminals* are given with the return type c_gamma which is required by other functions in the function set or by the tree's return type.  This may or may not be a problem for you.
PARAMETER: gp.tc.0
WARNING:
In function set f0 for the GPTreeConstraints tc0, no *nonterminals* are given with the return type c_coef which is required by other functions in the function set or by the tree's return type.  This may or may not be a problem for you.
PARAMETER: gp.tc.0
WARNING:
In function set f0 for the GPTreeConstraints tc0, no *nonterminals* are given with the return type c_degree which is required by other functions in the function set or by the tree's return type.  This may or may not be a problem for you.
PARAMETER: gp.tc.0
WARNING:
In function set f0 for the GPTreeConstraints tc0, no *nonterminals* are given with the return type c_a which is required by other functions in the function set or by the tree's return type.  This may or may not be a problem for you.
PARAMETER: gp.tc.0
Reading data/iris.scale.tr
Reading data/iris.scale.t
ONCE-ONLY WARNING:
KozaStatistics is deprecated and will soon be deleted.  Use SimpleStatistics instead.
Initializing Generation 0
Subpop 0 best fitness of generation: Fitness: Standardized=0.03448276 Adjusted=0.9666667 Hits=0
Generation 1
Subpop 0 best fitness of generation: Fitness: Standardized=0.03448276 Adjusted=0.9666667 Hits=0
Generation 2
Subpop 0 best fitness of generation: Fitness: Standardized=0.03448276 Adjusted=0.9666667 Hits=0
Generation 3
Subpop 0 best fitness of generation: Fitness: Standardized=0.03448276 Adjusted=0.9666667 Hits=0
Generation 4
Subpop 0 best fitness of generation: Fitness: Standardized=0.03448276 Adjusted=0.9666667 Hits=0
Subpop 0 best fitness of run: Fitness: Standardized=0.03448276 Adjusted=0.9666667 Hits=0
Reading data/iris.scale.tr
Reading data/iris.scale.v

| ECJ
| An evolutionary computation system (version 20)
| By Sean Luke
| Contributors: L. Panait, G. Balan, S. Paus, Z. Skolicki, R. Kicinger, E. Popovici,
|               K. Sullivan, J. Harrison, J. Bassett, R. Hubley, A. Desai, A. Chircop,
|               J. Compton, W. Haddon, S. Donnelly, B. Jamil, J. Zelibor, E. Kangas,
|               F. Abidi, H. Mooers, and J. O'Beirne
| URL: http://cs.gmu.edu/~eclab/projects/ecj/
| Mail: ecj-help@cs.gmu.edu
|       (better: join ECJ-INTEREST at URL above)
| Date: December 15, 2010
| Current Java: 1.6.0_24 / OpenJDK Server VM-20.0-b12
| Required Minimum Java: 1.4


ONCE-ONLY WARNING:
Using automatic determination number of threads, but not all seeds are defined.
The rest will be defined using the wall clock time.
Threads:  breed/2 eval/2
Seed: 757991940 757991941 
Job: 0
Setting up
Processing GP Types
Processing GP Node Constraints
Processing GP Function Sets
Processing GP Tree Constraints
WARNING:
In function set f0 for the GPTreeConstraints tc0, no *nonterminals* are given with the return type c_gamma which is required by other functions in the function set or by the tree's return type.  This may or may not be a problem for you.
PARAMETER: gp.tc.0
WARNING:
In function set f0 for the GPTreeConstraints tc0, no *nonterminals* are given with the return type c_coef which is required by other functions in the function set or by the tree's return type.  This may or may not be a problem for you.
PARAMETER: gp.tc.0
WARNING:
In function set f0 for the GPTreeConstraints tc0, no *nonterminals* are given with the return type c_degree which is required by other functions in the function set or by the tree's return type.  This may or may not be a problem for you.
PARAMETER: gp.tc.0
WARNING:
In function set f0 for the GPTreeConstraints tc0, no *nonterminals* are given with the return type c_a which is required by other functions in the function set or by the tree's return type.  This may or may not be a problem for you.
PARAMETER: gp.tc.0
Reading data/iris.scale.tr
Reading data/iris.scale.t
ONCE-ONLY WARNING:
KozaStatistics is deprecated and will soon be deleted.  Use SimpleStatistics instead.
Initializing Generation 0
Subpop 0 best fitness of generation: Fitness: Standardized=0.03448276 Adjusted=0.9666667 Hits=0
Subpop 0 best fitness of run: Fitness: Standardized=0.03448276 Adjusted=0.9666667 Hits=0
Reading data/iris.scale.tr
Reading data/iris.scale.v

| ECJ
| An evolutionary computation system (version 20)
| By Sean Luke
| Contributors: L. Panait, G. Balan, S. Paus, Z. Skolicki, R. Kicinger, E. Popovici,
|               K. Sullivan, J. Harrison, J. Bassett, R. Hubley, A. Desai, A. Chircop,
|               J. Compton, W. Haddon, S. Donnelly, B. Jamil, J. Zelibor, E. Kangas,
|               F. Abidi, H. Mooers, and J. O'Beirne
| URL: http://cs.gmu.edu/~eclab/projects/ecj/
| Mail: ecj-help@cs.gmu.edu
|       (better: join ECJ-INTEREST at URL above)
| Date: December 15, 2010
| Current Java: 1.6.0_24 / OpenJDK Server VM-20.0-b12
| Required Minimum Java: 1.4


ONCE-ONLY WARNING:
Using automatic determination number of threads, but not all seeds are defined.
The rest will be defined using the wall clock time.
Threads:  breed/2 eval/2
Seed: 757999223 757999224 
Job: 0
Setting up
Processing GP Types
Processing GP Node Constraints
Processing GP Function Sets
Processing GP Tree Constraints
WARNING:
In function set f0 for the GPTreeConstraints tc0, no *nonterminals* are given with the return type c_gamma which is required by other functions in the function set or by the tree's return type.  This may or may not be a problem for you.
PARAMETER: gp.tc.0
WARNING:
In function set f0 for the GPTreeConstraints tc0, no *nonterminals* are given with the return type c_coef which is required by other functions in the function set or by the tree's return type.  This may or may not be a problem for you.
PARAMETER: gp.tc.0
WARNING:
In function set f0 for the GPTreeConstraints tc0, no *nonterminals* are given with the return type c_degree which is required by other functions in the function set or by the tree's return type.  This may or may not be a problem for you.
PARAMETER: gp.tc.0
WARNING:
In function set f0 for the GPTreeConstraints tc0, no *nonterminals* are given with the return type c_a which is required by other functions in the function set or by the tree's return type.  This may or may not be a problem for you.
PARAMETER: gp.tc.0
Reading data/iris.scale.tr
Reading data/iris.scale.t
ONCE-ONLY WARNING:
KozaStatistics is deprecated and will soon be deleted.  Use SimpleStatistics instead.
Initializing Generation 0
Subpop 0 best fitness of generation: Fitness: Standardized=0.03448276 Adjusted=0.9666667 Hits=0
Generation 1
Subpop 0 best fitness of generation: Fitness: Standardized=0.03448276 Adjusted=0.9666667 Hits=0
Generation 2
Subpop 0 best fitness of generation: Fitness: Standardized=0.03448276 Adjusted=0.9666667 Hits=0
Subpop 0 best fitness of run: Fitness: Standardized=0.03448276 Adjusted=0.9666667 Hits=0
Reading data/iris.scale.tr
Reading data/iris.scale.v

| ECJ
| An evolutionary computation system (version 20)
| By Sean Luke
| Contributors: L. Panait, G. Balan, S. Paus, Z. Skolicki, R. Kicinger, E. Popovici,
|               K. Sullivan, J. Harrison, J. Bassett, R. Hubley, A. Desai, A. Chircop,
|               J. Compton, W. Haddon, S. Donnelly, B. Jamil, J. Zelibor, E. Kangas,
|               F. Abidi, H. Mooers, and J. O'Beirne
| URL: http://cs.gmu.edu/~eclab/projects/ecj/
| Mail: ecj-help@cs.gmu.edu
|       (better: join ECJ-INTEREST at URL above)
| Date: December 15, 2010
| Current Java: 1.6.0_24 / OpenJDK Server VM-20.0-b12
| Required Minimum Java: 1.4


ONCE-ONLY WARNING:
Using automatic determination number of threads, but not all seeds are defined.
The rest will be defined using the wall clock time.
Threads:  breed/2 eval/2
Seed: 758040460 758040461 
Job: 0
Setting up
Processing GP Types
Processing GP Node Constraints
Processing GP Function Sets
Processing GP Tree Constraints
WARNING:
In function set f0 for the GPTreeConstraints tc0, no *nonterminals* are given with the return type c_gamma which is required by other functions in the function set or by the tree's return type.  This may or may not be a problem for you.
PARAMETER: gp.tc.0
WARNING:
In function set f0 for the GPTreeConstraints tc0, no *nonterminals* are given with the return type c_coef which is required by other functions in the function set or by the tree's return type.  This may or may not be a problem for you.
PARAMETER: gp.tc.0
WARNING:
In function set f0 for the GPTreeConstraints tc0, no *nonterminals* are given with the return type c_degree which is required by other functions in the function set or by the tree's return type.  This may or may not be a problem for you.
PARAMETER: gp.tc.0
WARNING:
In function set f0 for the GPTreeConstraints tc0, no *nonterminals* are given with the return type c_a which is required by other functions in the function set or by the tree's return type.  This may or may not be a problem for you.
PARAMETER: gp.tc.0
Reading data/iris.scale.tr
Reading data/iris.scale.t
ONCE-ONLY WARNING:
KozaStatistics is deprecated and will soon be deleted.  Use SimpleStatistics instead.
Initializing Generation 0
Subpop 0 best fitness of generation: Fitness: Standardized=0.03448276 Adjusted=0.9666667 Hits=0
Generation 1
Subpop 0 best fitness of generation: Fitness: Standardized=0.03448276 Adjusted=0.9666667 Hits=0
Generation 2
Subpop 0 best fitness of generation: Fitness: Standardized=0.03448276 Adjusted=0.9666667 Hits=0
Generation 3
Subpop 0 best fitness of generation: Fitness: Standardized=0.03448276 Adjusted=0.9666667 Hits=0
Generation 4
Subpop 0 best fitness of generation: Fitness: Standardized=0.03448276 Adjusted=0.9666667 Hits=0
Subpop 0 best fitness of run: Fitness: Standardized=0.03448276 Adjusted=0.9666667 Hits=0
Reading data/iris.scale.tr
Reading data/iris.scale.v

| ECJ
| An evolutionary computation system (version 20)
| By Sean Luke
| Contributors: L. Panait, G. Balan, S. Paus, Z. Skolicki, R. Kicinger, E. Popovici,
|               K. Sullivan, J. Harrison, J. Bassett, R. Hubley, A. Desai, A. Chircop,
|               J. Compton, W. Haddon, S. Donnelly, B. Jamil, J. Zelibor, E. Kangas,
|               F. Abidi, H. Mooers, and J. O'Beirne
| URL: http://cs.gmu.edu/~eclab/projects/ecj/
| Mail: ecj-help@cs.gmu.edu
|       (better: join ECJ-INTEREST at URL above)
| Date: December 15, 2010
| Current Java: 1.6.0_24 / OpenJDK Server VM-20.0-b12
| Required Minimum Java: 1.4


ONCE-ONLY WARNING:
Using automatic determination number of threads, but not all seeds are defined.
The rest will be defined using the wall clock time.
Threads:  breed/2 eval/2
Seed: 758070547 758070548 
Job: 0
Setting up
Processing GP Types
Processing GP Node Constraints
Processing GP Function Sets
Processing GP Tree Constraints
WARNING:
In function set f0 for the GPTreeConstraints tc0, no *nonterminals* are given with the return type c_gamma which is required by other functions in the function set or by the tree's return type.  This may or may not be a problem for you.
PARAMETER: gp.tc.0
WARNING:
In function set f0 for the GPTreeConstraints tc0, no *nonterminals* are given with the return type c_coef which is required by other functions in the function set or by the tree's return type.  This may or may not be a problem for you.
PARAMETER: gp.tc.0
WARNING:
In function set f0 for the GPTreeConstraints tc0, no *nonterminals* are given with the return type c_degree which is required by other functions in the function set or by the tree's return type.  This may or may not be a problem for you.
PARAMETER: gp.tc.0
WARNING:
In function set f0 for the GPTreeConstraints tc0, no *nonterminals* are given with the return type c_a which is required by other functions in the function set or by the tree's return type.  This may or may not be a problem for you.
PARAMETER: gp.tc.0
Reading data/iris.scale.tr
Reading data/iris.scale.t
ONCE-ONLY WARNING:
KozaStatistics is deprecated and will soon be deleted.  Use SimpleStatistics instead.
Initializing Generation 0
Subpop 0 best fitness of generation: Fitness: Standardized=0.03448276 Adjusted=0.9666667 Hits=0
Subpop 0 best fitness of run: Fitness: Standardized=0.03448276 Adjusted=0.9666667 Hits=0
Reading data/iris.scale.tr
Reading data/iris.scale.v

| ECJ
| An evolutionary computation system (version 20)
| By Sean Luke
| Contributors: L. Panait, G. Balan, S. Paus, Z. Skolicki, R. Kicinger, E. Popovici,
|               K. Sullivan, J. Harrison, J. Bassett, R. Hubley, A. Desai, A. Chircop,
|               J. Compton, W. Haddon, S. Donnelly, B. Jamil, J. Zelibor, E. Kangas,
|               F. Abidi, H. Mooers, and J. O'Beirne
| URL: http://cs.gmu.edu/~eclab/projects/ecj/
| Mail: ecj-help@cs.gmu.edu
|       (better: join ECJ-INTEREST at URL above)
| Date: December 15, 2010
| Current Java: 1.6.0_24 / OpenJDK Server VM-20.0-b12
| Required Minimum Java: 1.4


ONCE-ONLY WARNING:
Using automatic determination number of threads, but not all seeds are defined.
The rest will be defined using the wall clock time.
Threads:  breed/2 eval/2
Seed: 758072634 758072635 
Job: 0
Setting up
Processing GP Types
Processing GP Node Constraints
Processing GP Function Sets
Processing GP Tree Constraints
WARNING:
In function set f0 for the GPTreeConstraints tc0, no *nonterminals* are given with the return type c_gamma which is required by other functions in the function set or by the tree's return type.  This may or may not be a problem for you.
PARAMETER: gp.tc.0
WARNING:
In function set f0 for the GPTreeConstraints tc0, no *nonterminals* are given with the return type c_coef which is required by other functions in the function set or by the tree's return type.  This may or may not be a problem for you.
PARAMETER: gp.tc.0
WARNING:
In function set f0 for the GPTreeConstraints tc0, no *nonterminals* are given with the return type c_degree which is required by other functions in the function set or by the tree's return type.  This may or may not be a problem for you.
PARAMETER: gp.tc.0
WARNING:
In function set f0 for the GPTreeConstraints tc0, no *nonterminals* are given with the return type c_a which is required by other functions in the function set or by the tree's return type.  This may or may not be a problem for you.
PARAMETER: gp.tc.0
Reading data/iris.scale.tr
Reading data/iris.scale.t
ONCE-ONLY WARNING:
KozaStatistics is deprecated and will soon be deleted.  Use SimpleStatistics instead.
Initializing Generation 0
Subpop 0 best fitness of generation: Fitness: Standardized=0.03448276 Adjusted=0.9666667 Hits=0
Generation 1
Subpop 0 best fitness of generation: Fitness: Standardized=0.03448276 Adjusted=0.9666667 Hits=0
Generation 2
Subpop 0 best fitness of generation: Fitness: Standardized=0.03448276 Adjusted=0.9666667 Hits=0
Subpop 0 best fitness of run: Fitness: Standardized=0.03448276 Adjusted=0.9666667 Hits=0
Reading data/iris.scale.tr
Reading data/iris.scale.v

| ECJ
| An evolutionary computation system (version 20)
| By Sean Luke
| Contributors: L. Panait, G. Balan, S. Paus, Z. Skolicki, R. Kicinger, E. Popovici,
|               K. Sullivan, J. Harrison, J. Bassett, R. Hubley, A. Desai, A. Chircop,
|               J. Compton, W. Haddon, S. Donnelly, B. Jamil, J. Zelibor, E. Kangas,
|               F. Abidi, H. Mooers, and J. O'Beirne
| URL: http://cs.gmu.edu/~eclab/projects/ecj/
| Mail: ecj-help@cs.gmu.edu
|       (better: join ECJ-INTEREST at URL above)
| Date: December 15, 2010
| Current Java: 1.6.0_24 / OpenJDK Server VM-20.0-b12
| Required Minimum Java: 1.4


ONCE-ONLY WARNING:
Using automatic determination number of threads, but not all seeds are defined.
The rest will be defined using the wall clock time.
Threads:  breed/2 eval/2
Seed: 758125502 758125503 
Job: 0
Setting up
Processing GP Types
Processing GP Node Constraints
Processing GP Function Sets
Processing GP Tree Constraints
WARNING:
In function set f0 for the GPTreeConstraints tc0, no *nonterminals* are given with the return type c_gamma which is required by other functions in the function set or by the tree's return type.  This may or may not be a problem for you.
PARAMETER: gp.tc.0
WARNING:
In function set f0 for the GPTreeConstraints tc0, no *nonterminals* are given with the return type c_coef which is required by other functions in the function set or by the tree's return type.  This may or may not be a problem for you.
PARAMETER: gp.tc.0
WARNING:
In function set f0 for the GPTreeConstraints tc0, no *nonterminals* are given with the return type c_degree which is required by other functions in the function set or by the tree's return type.  This may or may not be a problem for you.
PARAMETER: gp.tc.0
WARNING:
In function set f0 for the GPTreeConstraints tc0, no *nonterminals* are given with the return type c_a which is required by other functions in the function set or by the tree's return type.  This may or may not be a problem for you.
PARAMETER: gp.tc.0
Reading data/iris.scale.tr
Reading data/iris.scale.t
ONCE-ONLY WARNING:
KozaStatistics is deprecated and will soon be deleted.  Use SimpleStatistics instead.
Initializing Generation 0
Subpop 0 best fitness of generation: Fitness: Standardized=0.03448276 Adjusted=0.9666667 Hits=0
Generation 1
Subpop 0 best fitness of generation: Fitness: Standardized=0.03448276 Adjusted=0.9666667 Hits=0
Generation 2
Subpop 0 best fitness of generation: Fitness: Standardized=0.03448276 Adjusted=0.9666667 Hits=0
Generation 3
Subpop 0 best fitness of generation: Fitness: Standardized=0.03448276 Adjusted=0.9666667 Hits=0
Generation 4
Subpop 0 best fitness of generation: Fitness: Standardized=0.03448276 Adjusted=0.9666667 Hits=0
Subpop 0 best fitness of run: Fitness: Standardized=0.03448276 Adjusted=0.9666667 Hits=0
Reading data/iris.scale.tr
Reading data/iris.scale.v

| ECJ
| An evolutionary computation system (version 20)
| By Sean Luke
| Contributors: L. Panait, G. Balan, S. Paus, Z. Skolicki, R. Kicinger, E. Popovici,
|               K. Sullivan, J. Harrison, J. Bassett, R. Hubley, A. Desai, A. Chircop,
|               J. Compton, W. Haddon, S. Donnelly, B. Jamil, J. Zelibor, E. Kangas,
|               F. Abidi, H. Mooers, and J. O'Beirne
| URL: http://cs.gmu.edu/~eclab/projects/ecj/
| Mail: ecj-help@cs.gmu.edu
|       (better: join ECJ-INTEREST at URL above)
| Date: December 15, 2010
| Current Java: 1.6.0_24 / OpenJDK Server VM-20.0-b12
| Required Minimum Java: 1.4


ONCE-ONLY WARNING:
Using automatic determination number of threads, but not all seeds are defined.
The rest will be defined using the wall clock time.
Threads:  breed/2 eval/2
Seed: 758200374 758200375 
Job: 0
Setting up
Processing GP Types
Processing GP Node Constraints
Processing GP Function Sets
Processing GP Tree Constraints
WARNING:
In function set f0 for the GPTreeConstraints tc0, no *nonterminals* are given with the return type c_gamma which is required by other functions in the function set or by the tree's return type.  This may or may not be a problem for you.
PARAMETER: gp.tc.0
WARNING:
In function set f0 for the GPTreeConstraints tc0, no *nonterminals* are given with the return type c_coef which is required by other functions in the function set or by the tree's return type.  This may or may not be a problem for you.
PARAMETER: gp.tc.0
WARNING:
In function set f0 for the GPTreeConstraints tc0, no *nonterminals* are given with the return type c_degree which is required by other functions in the function set or by the tree's return type.  This may or may not be a problem for you.
PARAMETER: gp.tc.0
WARNING:
In function set f0 for the GPTreeConstraints tc0, no *nonterminals* are given with the return type c_a which is required by other functions in the function set or by the tree's return type.  This may or may not be a problem for you.
PARAMETER: gp.tc.0
Reading data/iris.scale.tr
Reading data/iris.scale.t
ONCE-ONLY WARNING:
KozaStatistics is deprecated and will soon be deleted.  Use SimpleStatistics instead.
Initializing Generation 0
Subpop 0 best fitness of generation: Fitness: Standardized=0.03448276 Adjusted=0.9666667 Hits=0
Subpop 0 best fitness of run: Fitness: Standardized=0.03448276 Adjusted=0.9666667 Hits=0
Reading data/iris.scale.tr
Reading data/iris.scale.v

| ECJ
| An evolutionary computation system (version 20)
| By Sean Luke
| Contributors: L. Panait, G. Balan, S. Paus, Z. Skolicki, R. Kicinger, E. Popovici,
|               K. Sullivan, J. Harrison, J. Bassett, R. Hubley, A. Desai, A. Chircop,
|               J. Compton, W. Haddon, S. Donnelly, B. Jamil, J. Zelibor, E. Kangas,
|               F. Abidi, H. Mooers, and J. O'Beirne
| URL: http://cs.gmu.edu/~eclab/projects/ecj/
| Mail: ecj-help@cs.gmu.edu
|       (better: join ECJ-INTEREST at URL above)
| Date: December 15, 2010
| Current Java: 1.6.0_24 / OpenJDK Server VM-20.0-b12
| Required Minimum Java: 1.4


ONCE-ONLY WARNING:
Using automatic determination number of threads, but not all seeds are defined.
The rest will be defined using the wall clock time.
Threads:  breed/2 eval/2
Seed: 758217655 758217656 
Job: 0
Setting up
Processing GP Types
Processing GP Node Constraints
Processing GP Function Sets
Processing GP Tree Constraints
WARNING:
In function set f0 for the GPTreeConstraints tc0, no *nonterminals* are given with the return type c_gamma which is required by other functions in the function set or by the tree's return type.  This may or may not be a problem for you.
PARAMETER: gp.tc.0
WARNING:
In function set f0 for the GPTreeConstraints tc0, no *nonterminals* are given with the return type c_coef which is required by other functions in the function set or by the tree's return type.  This may or may not be a problem for you.
PARAMETER: gp.tc.0
WARNING:
In function set f0 for the GPTreeConstraints tc0, no *nonterminals* are given with the return type c_degree which is required by other functions in the function set or by the tree's return type.  This may or may not be a problem for you.
PARAMETER: gp.tc.0
WARNING:
In function set f0 for the GPTreeConstraints tc0, no *nonterminals* are given with the return type c_a which is required by other functions in the function set or by the tree's return type.  This may or may not be a problem for you.
PARAMETER: gp.tc.0
Reading data/iris.scale.tr
Reading data/iris.scale.t
ONCE-ONLY WARNING:
KozaStatistics is deprecated and will soon be deleted.  Use SimpleStatistics instead.
Initializing Generation 0
Subpop 0 best fitness of generation: Fitness: Standardized=0.03448276 Adjusted=0.9666667 Hits=0
Generation 1
Subpop 0 best fitness of generation: Fitness: Standardized=0.03448276 Adjusted=0.9666667 Hits=0
Generation 2
Subpop 0 best fitness of generation: Fitness: Standardized=0.03448276 Adjusted=0.9666667 Hits=0
Subpop 0 best fitness of run: Fitness: Standardized=0.03448276 Adjusted=0.9666667 Hits=0
Reading data/iris.scale.tr
Reading data/iris.scale.v

| ECJ
| An evolutionary computation system (version 20)
| By Sean Luke
| Contributors: L. Panait, G. Balan, S. Paus, Z. Skolicki, R. Kicinger, E. Popovici,
|               K. Sullivan, J. Harrison, J. Bassett, R. Hubley, A. Desai, A. Chircop,
|               J. Compton, W. Haddon, S. Donnelly, B. Jamil, J. Zelibor, E. Kangas,
|               F. Abidi, H. Mooers, and J. O'Beirne
| URL: http://cs.gmu.edu/~eclab/projects/ecj/
| Mail: ecj-help@cs.gmu.edu
|       (better: join ECJ-INTEREST at URL above)
| Date: December 15, 2010
| Current Java: 1.6.0_24 / OpenJDK Server VM-20.0-b12
| Required Minimum Java: 1.4


ONCE-ONLY WARNING:
Using automatic determination number of threads, but not all seeds are defined.
The rest will be defined using the wall clock time.
Threads:  breed/2 eval/2
Seed: 758256932 758256933 
Job: 0
Setting up
Processing GP Types
Processing GP Node Constraints
Processing GP Function Sets
Processing GP Tree Constraints
WARNING:
In function set f0 for the GPTreeConstraints tc0, no *nonterminals* are given with the return type c_coef which is required by other functions in the function set or by the tree's return type.  This may or may not be a problem for you.
PARAMETER: gp.tc.0
WARNING:
In function set f0 for the GPTreeConstraints tc0, no *nonterminals* are given with the return type c_degree which is required by other functions in the function set or by the tree's return type.  This may or may not be a problem for you.
PARAMETER: gp.tc.0
WARNING:
In function set f0 for the GPTreeConstraints tc0, no *nonterminals* are given with the return type c_gamma which is required by other functions in the function set or by the tree's return type.  This may or may not be a problem for you.
PARAMETER: gp.tc.0
WARNING:
In function set f0 for the GPTreeConstraints tc0, no *nonterminals* are given with the return type c_a which is required by other functions in the function set or by the tree's return type.  This may or may not be a problem for you.
PARAMETER: gp.tc.0
Reading data/iris.scale.tr
Reading data/iris.scale.t
ONCE-ONLY WARNING:
KozaStatistics is deprecated and will soon be deleted.  Use SimpleStatistics instead.
Initializing Generation 0
Subpop 0 best fitness of generation: Fitness: Standardized=0.03448276 Adjusted=0.9666667 Hits=0
Generation 1
Subpop 0 best fitness of generation: Fitness: Standardized=0.03448276 Adjusted=0.9666667 Hits=0
Generation 2
Subpop 0 best fitness of generation: Fitness: Standardized=0.03448276 Adjusted=0.9666667 Hits=0
Generation 3
Subpop 0 best fitness of generation: Fitness: Standardized=0.03448276 Adjusted=0.9666667 Hits=0
Generation 4
Subpop 0 best fitness of generation: Fitness: Standardized=0.03448276 Adjusted=0.9666667 Hits=0
Subpop 0 best fitness of run: Fitness: Standardized=0.03448276 Adjusted=0.9666667 Hits=0
Reading data/iris.scale.tr
Reading data/iris.scale.v
