
| ECJ
| An evolutionary computation system (version 20)
| By Sean Luke
| Contributors: L. Panait, G. Balan, S. Paus, Z. Skolicki, R. Kicinger, E. Popovici,
|               K. Sullivan, J. Harrison, J. Bassett, R. Hubley, A. Desai, A. Chircop,
|               J. Compton, W. Haddon, S. Donnelly, B. Jamil, J. Zelibor, E. Kangas,
|               F. Abidi, H. Mooers, and J. O'Beirne
| URL: http://cs.gmu.edu/~eclab/projects/ecj/
| Mail: ecj-help@cs.gmu.edu
|       (better: join ECJ-INTEREST at URL above)
| Date: December 15, 2010
| Current Java: 1.6.0_24 / OpenJDK Server VM-20.0-b12
| Required Minimum Java: 1.4


Threads:  breed/2 eval/2
Seed: -1732764900 134280905 
Job: 0
Setting up
Processing GP Types
Processing GP Node Constraints
Processing GP Function Sets
Processing GP Tree Constraints
WARNING:
In function set f0 for the GPTreeConstraints tc0, no *nonterminals* are given with the return type c_coef which is required by other functions in the function set or by the tree's return type.  This may or may not be a problem for you.
PARAMETER: gp.tc.0
WARNING:
In function set f0 for the GPTreeConstraints tc0, no *nonterminals* are given with the return type c_degree which is required by other functions in the function set or by the tree's return type.  This may or may not be a problem for you.
PARAMETER: gp.tc.0
WARNING:
In function set f0 for the GPTreeConstraints tc0, no *nonterminals* are given with the return type c_gamma which is required by other functions in the function set or by the tree's return type.  This may or may not be a problem for you.
PARAMETER: gp.tc.0
WARNING:
In function set f0 for the GPTreeConstraints tc0, no *nonterminals* are given with the return type c_a which is required by other functions in the function set or by the tree's return type.  This may or may not be a problem for you.
PARAMETER: gp.tc.0
Reading /home/tomek/studia/magisterka/Kernel-GP Git/ecj-svm/data/dna.scale.seed0.tr
Reading /home/tomek/studia/magisterka/Kernel-GP Git/ecj-svm/data/dna.scale.seed0.t
ONCE-ONLY WARNING:
KozaStatistics is deprecated and will soon be deleted.  Use SimpleStatistics instead.
Initializing Generation 0
Subpop 0 best fitness of generation: Fitness: Standardized=0.046025105 Adjusted=0.956 Hits=0
Subpop 0 best fitness of run: Fitness: Standardized=0.046025105 Adjusted=0.956 Hits=0
Reading /home/tomek/studia/magisterka/Kernel-GP Git/ecj-svm/data/dna.scale.seed0.tr
Reading /home/tomek/studia/magisterka/Kernel-GP Git/ecj-svm/data/dna.scale.seed0.val

| ECJ
| An evolutionary computation system (version 20)
| By Sean Luke
| Contributors: L. Panait, G. Balan, S. Paus, Z. Skolicki, R. Kicinger, E. Popovici,
|               K. Sullivan, J. Harrison, J. Bassett, R. Hubley, A. Desai, A. Chircop,
|               J. Compton, W. Haddon, S. Donnelly, B. Jamil, J. Zelibor, E. Kangas,
|               F. Abidi, H. Mooers, and J. O'Beirne
| URL: http://cs.gmu.edu/~eclab/projects/ecj/
| Mail: ecj-help@cs.gmu.edu
|       (better: join ECJ-INTEREST at URL above)
| Date: December 15, 2010
| Current Java: 1.6.0_24 / OpenJDK Server VM-20.0-b12
| Required Minimum Java: 1.4


Threads:  breed/2 eval/2
Seed: -1732178955 134280905 
Job: 0
Setting up
Processing GP Types
Processing GP Node Constraints
Processing GP Function Sets
Processing GP Tree Constraints
WARNING:
In function set f0 for the GPTreeConstraints tc0, no *nonterminals* are given with the return type c_gamma which is required by other functions in the function set or by the tree's return type.  This may or may not be a problem for you.
PARAMETER: gp.tc.0
WARNING:
In function set f0 for the GPTreeConstraints tc0, no *nonterminals* are given with the return type c_coef which is required by other functions in the function set or by the tree's return type.  This may or may not be a problem for you.
PARAMETER: gp.tc.0
WARNING:
In function set f0 for the GPTreeConstraints tc0, no *nonterminals* are given with the return type c_degree which is required by other functions in the function set or by the tree's return type.  This may or may not be a problem for you.
PARAMETER: gp.tc.0
WARNING:
In function set f0 for the GPTreeConstraints tc0, no *nonterminals* are given with the return type c_a which is required by other functions in the function set or by the tree's return type.  This may or may not be a problem for you.
PARAMETER: gp.tc.0
Reading /home/tomek/studia/magisterka/Kernel-GP Git/ecj-svm/data/dna.scale.seed1.tr
Reading /home/tomek/studia/magisterka/Kernel-GP Git/ecj-svm/data/dna.scale.seed1.t
ONCE-ONLY WARNING:
KozaStatistics is deprecated and will soon be deleted.  Use SimpleStatistics instead.
Initializing Generation 0
Subpop 0 best fitness of generation: Fitness: Standardized=0.04821803 Adjusted=0.954 Hits=0
Subpop 0 best fitness of run: Fitness: Standardized=0.04821803 Adjusted=0.954 Hits=0
Reading /home/tomek/studia/magisterka/Kernel-GP Git/ecj-svm/data/dna.scale.seed1.tr
Reading /home/tomek/studia/magisterka/Kernel-GP Git/ecj-svm/data/dna.scale.seed1.val

| ECJ
| An evolutionary computation system (version 20)
| By Sean Luke
| Contributors: L. Panait, G. Balan, S. Paus, Z. Skolicki, R. Kicinger, E. Popovici,
|               K. Sullivan, J. Harrison, J. Bassett, R. Hubley, A. Desai, A. Chircop,
|               J. Compton, W. Haddon, S. Donnelly, B. Jamil, J. Zelibor, E. Kangas,
|               F. Abidi, H. Mooers, and J. O'Beirne
| URL: http://cs.gmu.edu/~eclab/projects/ecj/
| Mail: ecj-help@cs.gmu.edu
|       (better: join ECJ-INTEREST at URL above)
| Date: December 15, 2010
| Current Java: 1.6.0_24 / OpenJDK Server VM-20.0-b12
| Required Minimum Java: 1.4


Threads:  breed/2 eval/2
Seed: -1731692154 134280905 
Job: 0
Setting up
Processing GP Types
Processing GP Node Constraints
Processing GP Function Sets
Processing GP Tree Constraints
WARNING:
In function set f0 for the GPTreeConstraints tc0, no *nonterminals* are given with the return type c_gamma which is required by other functions in the function set or by the tree's return type.  This may or may not be a problem for you.
PARAMETER: gp.tc.0
WARNING:
In function set f0 for the GPTreeConstraints tc0, no *nonterminals* are given with the return type c_coef which is required by other functions in the function set or by the tree's return type.  This may or may not be a problem for you.
PARAMETER: gp.tc.0
WARNING:
In function set f0 for the GPTreeConstraints tc0, no *nonterminals* are given with the return type c_degree which is required by other functions in the function set or by the tree's return type.  This may or may not be a problem for you.
PARAMETER: gp.tc.0
WARNING:
In function set f0 for the GPTreeConstraints tc0, no *nonterminals* are given with the return type c_a which is required by other functions in the function set or by the tree's return type.  This may or may not be a problem for you.
PARAMETER: gp.tc.0
Reading /home/tomek/studia/magisterka/Kernel-GP Git/ecj-svm/data/dna.scale.seed2.tr
Reading /home/tomek/studia/magisterka/Kernel-GP Git/ecj-svm/data/dna.scale.seed2.t
ONCE-ONLY WARNING:
KozaStatistics is deprecated and will soon be deleted.  Use SimpleStatistics instead.
Initializing Generation 0
Subpop 0 best fitness of generation: Fitness: Standardized=0.05042017 Adjusted=0.952 Hits=0
Subpop 0 best fitness of run: Fitness: Standardized=0.05042017 Adjusted=0.952 Hits=0
Reading /home/tomek/studia/magisterka/Kernel-GP Git/ecj-svm/data/dna.scale.seed2.tr
Reading /home/tomek/studia/magisterka/Kernel-GP Git/ecj-svm/data/dna.scale.seed2.val

| ECJ
| An evolutionary computation system (version 20)
| By Sean Luke
| Contributors: L. Panait, G. Balan, S. Paus, Z. Skolicki, R. Kicinger, E. Popovici,
|               K. Sullivan, J. Harrison, J. Bassett, R. Hubley, A. Desai, A. Chircop,
|               J. Compton, W. Haddon, S. Donnelly, B. Jamil, J. Zelibor, E. Kangas,
|               F. Abidi, H. Mooers, and J. O'Beirne
| URL: http://cs.gmu.edu/~eclab/projects/ecj/
| Mail: ecj-help@cs.gmu.edu
|       (better: join ECJ-INTEREST at URL above)
| Date: December 15, 2010
| Current Java: 1.6.0_24 / OpenJDK Server VM-20.0-b12
| Required Minimum Java: 1.4


Threads:  breed/2 eval/2
Seed: -1731354170 134280905 
Job: 0
Setting up
Processing GP Types
Processing GP Node Constraints
Processing GP Function Sets
Processing GP Tree Constraints
WARNING:
In function set f0 for the GPTreeConstraints tc0, no *nonterminals* are given with the return type c_gamma which is required by other functions in the function set or by the tree's return type.  This may or may not be a problem for you.
PARAMETER: gp.tc.0
WARNING:
In function set f0 for the GPTreeConstraints tc0, no *nonterminals* are given with the return type c_coef which is required by other functions in the function set or by the tree's return type.  This may or may not be a problem for you.
PARAMETER: gp.tc.0
WARNING:
In function set f0 for the GPTreeConstraints tc0, no *nonterminals* are given with the return type c_degree which is required by other functions in the function set or by the tree's return type.  This may or may not be a problem for you.
PARAMETER: gp.tc.0
WARNING:
In function set f0 for the GPTreeConstraints tc0, no *nonterminals* are given with the return type c_a which is required by other functions in the function set or by the tree's return type.  This may or may not be a problem for you.
PARAMETER: gp.tc.0
Reading /home/tomek/studia/magisterka/Kernel-GP Git/ecj-svm/data/dna.scale.seed3.tr
Reading /home/tomek/studia/magisterka/Kernel-GP Git/ecj-svm/data/dna.scale.seed3.t
ONCE-ONLY WARNING:
KozaStatistics is deprecated and will soon be deleted.  Use SimpleStatistics instead.
Initializing Generation 0
Subpop 0 best fitness of generation: Fitness: Standardized=0.06837607 Adjusted=0.936 Hits=0
Subpop 0 best fitness of run: Fitness: Standardized=0.06837607 Adjusted=0.936 Hits=0
Reading /home/tomek/studia/magisterka/Kernel-GP Git/ecj-svm/data/dna.scale.seed3.tr
Reading /home/tomek/studia/magisterka/Kernel-GP Git/ecj-svm/data/dna.scale.seed3.val

| ECJ
| An evolutionary computation system (version 20)
| By Sean Luke
| Contributors: L. Panait, G. Balan, S. Paus, Z. Skolicki, R. Kicinger, E. Popovici,
|               K. Sullivan, J. Harrison, J. Bassett, R. Hubley, A. Desai, A. Chircop,
|               J. Compton, W. Haddon, S. Donnelly, B. Jamil, J. Zelibor, E. Kangas,
|               F. Abidi, H. Mooers, and J. O'Beirne
| URL: http://cs.gmu.edu/~eclab/projects/ecj/
| Mail: ecj-help@cs.gmu.edu
|       (better: join ECJ-INTEREST at URL above)
| Date: December 15, 2010
| Current Java: 1.6.0_24 / OpenJDK Server VM-20.0-b12
| Required Minimum Java: 1.4


Threads:  breed/2 eval/2
Seed: -1730831737 134280905 
Job: 0
Setting up
Processing GP Types
Processing GP Node Constraints
Processing GP Function Sets
Processing GP Tree Constraints
WARNING:
In function set f0 for the GPTreeConstraints tc0, no *nonterminals* are given with the return type c_coef which is required by other functions in the function set or by the tree's return type.  This may or may not be a problem for you.
PARAMETER: gp.tc.0
WARNING:
In function set f0 for the GPTreeConstraints tc0, no *nonterminals* are given with the return type c_degree which is required by other functions in the function set or by the tree's return type.  This may or may not be a problem for you.
PARAMETER: gp.tc.0
WARNING:
In function set f0 for the GPTreeConstraints tc0, no *nonterminals* are given with the return type c_gamma which is required by other functions in the function set or by the tree's return type.  This may or may not be a problem for you.
PARAMETER: gp.tc.0
WARNING:
In function set f0 for the GPTreeConstraints tc0, no *nonterminals* are given with the return type c_a which is required by other functions in the function set or by the tree's return type.  This may or may not be a problem for you.
PARAMETER: gp.tc.0
Reading /home/tomek/studia/magisterka/Kernel-GP Git/ecj-svm/data/dna.scale.seed4.tr
Reading /home/tomek/studia/magisterka/Kernel-GP Git/ecj-svm/data/dna.scale.seed4.t
ONCE-ONLY WARNING:
KozaStatistics is deprecated and will soon be deleted.  Use SimpleStatistics instead.
Initializing Generation 0
Subpop 0 best fitness of generation: Fitness: Standardized=0.03950104 Adjusted=0.96199995 Hits=0
Subpop 0 best fitness of run: Fitness: Standardized=0.03950104 Adjusted=0.96199995 Hits=0
Reading /home/tomek/studia/magisterka/Kernel-GP Git/ecj-svm/data/dna.scale.seed4.tr
Reading /home/tomek/studia/magisterka/Kernel-GP Git/ecj-svm/data/dna.scale.seed4.val

| ECJ
| An evolutionary computation system (version 20)
| By Sean Luke
| Contributors: L. Panait, G. Balan, S. Paus, Z. Skolicki, R. Kicinger, E. Popovici,
|               K. Sullivan, J. Harrison, J. Bassett, R. Hubley, A. Desai, A. Chircop,
|               J. Compton, W. Haddon, S. Donnelly, B. Jamil, J. Zelibor, E. Kangas,
|               F. Abidi, H. Mooers, and J. O'Beirne
| URL: http://cs.gmu.edu/~eclab/projects/ecj/
| Mail: ecj-help@cs.gmu.edu
|       (better: join ECJ-INTEREST at URL above)
| Date: December 15, 2010
| Current Java: 1.6.0_24 / OpenJDK Server VM-20.0-b12
| Required Minimum Java: 1.4


Threads:  breed/2 eval/2
Seed: -1730484730 134280905 
Job: 0
Setting up
Processing GP Types
Processing GP Node Constraints
Processing GP Function Sets
Processing GP Tree Constraints
WARNING:
In function set f0 for the GPTreeConstraints tc0, no *nonterminals* are given with the return type c_gamma which is required by other functions in the function set or by the tree's return type.  This may or may not be a problem for you.
PARAMETER: gp.tc.0
WARNING:
In function set f0 for the GPTreeConstraints tc0, no *nonterminals* are given with the return type c_coef which is required by other functions in the function set or by the tree's return type.  This may or may not be a problem for you.
PARAMETER: gp.tc.0
WARNING:
In function set f0 for the GPTreeConstraints tc0, no *nonterminals* are given with the return type c_degree which is required by other functions in the function set or by the tree's return type.  This may or may not be a problem for you.
PARAMETER: gp.tc.0
WARNING:
In function set f0 for the GPTreeConstraints tc0, no *nonterminals* are given with the return type c_a which is required by other functions in the function set or by the tree's return type.  This may or may not be a problem for you.
PARAMETER: gp.tc.0
Reading /home/tomek/studia/magisterka/Kernel-GP Git/ecj-svm/data/dna.scale.seed5.tr
Reading /home/tomek/studia/magisterka/Kernel-GP Git/ecj-svm/data/dna.scale.seed5.t
ONCE-ONLY WARNING:
KozaStatistics is deprecated and will soon be deleted.  Use SimpleStatistics instead.
Initializing Generation 0
Subpop 0 best fitness of generation: Fitness: Standardized=0.05042017 Adjusted=0.952 Hits=0
Subpop 0 best fitness of run: Fitness: Standardized=0.05042017 Adjusted=0.952 Hits=0
Reading /home/tomek/studia/magisterka/Kernel-GP Git/ecj-svm/data/dna.scale.seed5.tr
Reading /home/tomek/studia/magisterka/Kernel-GP Git/ecj-svm/data/dna.scale.seed5.val

| ECJ
| An evolutionary computation system (version 20)
| By Sean Luke
| Contributors: L. Panait, G. Balan, S. Paus, Z. Skolicki, R. Kicinger, E. Popovici,
|               K. Sullivan, J. Harrison, J. Bassett, R. Hubley, A. Desai, A. Chircop,
|               J. Compton, W. Haddon, S. Donnelly, B. Jamil, J. Zelibor, E. Kangas,
|               F. Abidi, H. Mooers, and J. O'Beirne
| URL: http://cs.gmu.edu/~eclab/projects/ecj/
| Mail: ecj-help@cs.gmu.edu
|       (better: join ECJ-INTEREST at URL above)
| Date: December 15, 2010
| Current Java: 1.6.0_24 / OpenJDK Server VM-20.0-b12
| Required Minimum Java: 1.4


Threads:  breed/2 eval/2
Seed: -1730199389 134280905 
Job: 0
Setting up
Processing GP Types
Processing GP Node Constraints
Processing GP Function Sets
Processing GP Tree Constraints
WARNING:
In function set f0 for the GPTreeConstraints tc0, no *nonterminals* are given with the return type c_gamma which is required by other functions in the function set or by the tree's return type.  This may or may not be a problem for you.
PARAMETER: gp.tc.0
WARNING:
In function set f0 for the GPTreeConstraints tc0, no *nonterminals* are given with the return type c_coef which is required by other functions in the function set or by the tree's return type.  This may or may not be a problem for you.
PARAMETER: gp.tc.0
WARNING:
In function set f0 for the GPTreeConstraints tc0, no *nonterminals* are given with the return type c_degree which is required by other functions in the function set or by the tree's return type.  This may or may not be a problem for you.
PARAMETER: gp.tc.0
WARNING:
In function set f0 for the GPTreeConstraints tc0, no *nonterminals* are given with the return type c_a which is required by other functions in the function set or by the tree's return type.  This may or may not be a problem for you.
PARAMETER: gp.tc.0
Reading /home/tomek/studia/magisterka/Kernel-GP Git/ecj-svm/data/dna.scale.seed6.tr
Reading /home/tomek/studia/magisterka/Kernel-GP Git/ecj-svm/data/dna.scale.seed6.t
ONCE-ONLY WARNING:
KozaStatistics is deprecated and will soon be deleted.  Use SimpleStatistics instead.
Initializing Generation 0
Subpop 0 best fitness of generation: Fitness: Standardized=0.061571125 Adjusted=0.94200003 Hits=0
Subpop 0 best fitness of run: Fitness: Standardized=0.061571125 Adjusted=0.94200003 Hits=0
Reading /home/tomek/studia/magisterka/Kernel-GP Git/ecj-svm/data/dna.scale.seed6.tr
Reading /home/tomek/studia/magisterka/Kernel-GP Git/ecj-svm/data/dna.scale.seed6.val

| ECJ
| An evolutionary computation system (version 20)
| By Sean Luke
| Contributors: L. Panait, G. Balan, S. Paus, Z. Skolicki, R. Kicinger, E. Popovici,
|               K. Sullivan, J. Harrison, J. Bassett, R. Hubley, A. Desai, A. Chircop,
|               J. Compton, W. Haddon, S. Donnelly, B. Jamil, J. Zelibor, E. Kangas,
|               F. Abidi, H. Mooers, and J. O'Beirne
| URL: http://cs.gmu.edu/~eclab/projects/ecj/
| Mail: ecj-help@cs.gmu.edu
|       (better: join ECJ-INTEREST at URL above)
| Date: December 15, 2010
| Current Java: 1.6.0_24 / OpenJDK Server VM-20.0-b12
| Required Minimum Java: 1.4


Threads:  breed/2 eval/2
Seed: -1729980603 134280905 
Job: 0
Setting up
Processing GP Types
Processing GP Node Constraints
Processing GP Function Sets
Processing GP Tree Constraints
WARNING:
In function set f0 for the GPTreeConstraints tc0, no *nonterminals* are given with the return type c_gamma which is required by other functions in the function set or by the tree's return type.  This may or may not be a problem for you.
PARAMETER: gp.tc.0
WARNING:
In function set f0 for the GPTreeConstraints tc0, no *nonterminals* are given with the return type c_coef which is required by other functions in the function set or by the tree's return type.  This may or may not be a problem for you.
PARAMETER: gp.tc.0
WARNING:
In function set f0 for the GPTreeConstraints tc0, no *nonterminals* are given with the return type c_degree which is required by other functions in the function set or by the tree's return type.  This may or may not be a problem for you.
PARAMETER: gp.tc.0
WARNING:
In function set f0 for the GPTreeConstraints tc0, no *nonterminals* are given with the return type c_a which is required by other functions in the function set or by the tree's return type.  This may or may not be a problem for you.
PARAMETER: gp.tc.0
Reading /home/tomek/studia/magisterka/Kernel-GP Git/ecj-svm/data/dna.scale.seed7.tr
Reading /home/tomek/studia/magisterka/Kernel-GP Git/ecj-svm/data/dna.scale.seed7.t
ONCE-ONLY WARNING:
KozaStatistics is deprecated and will soon be deleted.  Use SimpleStatistics instead.
Initializing Generation 0
Subpop 0 best fitness of generation: Fitness: Standardized=0.05263158 Adjusted=0.95 Hits=0
Subpop 0 best fitness of run: Fitness: Standardized=0.05263158 Adjusted=0.95 Hits=0
Reading /home/tomek/studia/magisterka/Kernel-GP Git/ecj-svm/data/dna.scale.seed7.tr
Reading /home/tomek/studia/magisterka/Kernel-GP Git/ecj-svm/data/dna.scale.seed7.val

| ECJ
| An evolutionary computation system (version 20)
| By Sean Luke
| Contributors: L. Panait, G. Balan, S. Paus, Z. Skolicki, R. Kicinger, E. Popovici,
|               K. Sullivan, J. Harrison, J. Bassett, R. Hubley, A. Desai, A. Chircop,
|               J. Compton, W. Haddon, S. Donnelly, B. Jamil, J. Zelibor, E. Kangas,
|               F. Abidi, H. Mooers, and J. O'Beirne
| URL: http://cs.gmu.edu/~eclab/projects/ecj/
| Mail: ecj-help@cs.gmu.edu
|       (better: join ECJ-INTEREST at URL above)
| Date: December 15, 2010
| Current Java: 1.6.0_24 / OpenJDK Server VM-20.0-b12
| Required Minimum Java: 1.4


Threads:  breed/2 eval/2
Seed: -1729383315 134280905 
Job: 0
Setting up
Processing GP Types
Processing GP Node Constraints
Processing GP Function Sets
Processing GP Tree Constraints
WARNING:
In function set f0 for the GPTreeConstraints tc0, no *nonterminals* are given with the return type c_gamma which is required by other functions in the function set or by the tree's return type.  This may or may not be a problem for you.
PARAMETER: gp.tc.0
WARNING:
In function set f0 for the GPTreeConstraints tc0, no *nonterminals* are given with the return type c_coef which is required by other functions in the function set or by the tree's return type.  This may or may not be a problem for you.
PARAMETER: gp.tc.0
WARNING:
In function set f0 for the GPTreeConstraints tc0, no *nonterminals* are given with the return type c_degree which is required by other functions in the function set or by the tree's return type.  This may or may not be a problem for you.
PARAMETER: gp.tc.0
WARNING:
In function set f0 for the GPTreeConstraints tc0, no *nonterminals* are given with the return type c_a which is required by other functions in the function set or by the tree's return type.  This may or may not be a problem for you.
PARAMETER: gp.tc.0
Reading /home/tomek/studia/magisterka/Kernel-GP Git/ecj-svm/data/dna.scale.seed8.tr
Reading /home/tomek/studia/magisterka/Kernel-GP Git/ecj-svm/data/dna.scale.seed8.t
ONCE-ONLY WARNING:
KozaStatistics is deprecated and will soon be deleted.  Use SimpleStatistics instead.
Initializing Generation 0
Subpop 0 best fitness of generation: Fitness: Standardized=0.05485232 Adjusted=0.94799995 Hits=0
Subpop 0 best fitness of run: Fitness: Standardized=0.05485232 Adjusted=0.94799995 Hits=0
Reading /home/tomek/studia/magisterka/Kernel-GP Git/ecj-svm/data/dna.scale.seed8.tr
Reading /home/tomek/studia/magisterka/Kernel-GP Git/ecj-svm/data/dna.scale.seed8.val

| ECJ
| An evolutionary computation system (version 20)
| By Sean Luke
| Contributors: L. Panait, G. Balan, S. Paus, Z. Skolicki, R. Kicinger, E. Popovici,
|               K. Sullivan, J. Harrison, J. Bassett, R. Hubley, A. Desai, A. Chircop,
|               J. Compton, W. Haddon, S. Donnelly, B. Jamil, J. Zelibor, E. Kangas,
|               F. Abidi, H. Mooers, and J. O'Beirne
| URL: http://cs.gmu.edu/~eclab/projects/ecj/
| Mail: ecj-help@cs.gmu.edu
|       (better: join ECJ-INTEREST at URL above)
| Date: December 15, 2010
| Current Java: 1.6.0_24 / OpenJDK Server VM-20.0-b12
| Required Minimum Java: 1.4


Threads:  breed/2 eval/2
Seed: -1728531900 134280905 
Job: 0
Setting up
Processing GP Types
Processing GP Node Constraints
Processing GP Function Sets
Processing GP Tree Constraints
WARNING:
In function set f0 for the GPTreeConstraints tc0, no *nonterminals* are given with the return type c_degree which is required by other functions in the function set or by the tree's return type.  This may or may not be a problem for you.
PARAMETER: gp.tc.0
WARNING:
In function set f0 for the GPTreeConstraints tc0, no *nonterminals* are given with the return type c_a which is required by other functions in the function set or by the tree's return type.  This may or may not be a problem for you.
PARAMETER: gp.tc.0
WARNING:
In function set f0 for the GPTreeConstraints tc0, no *nonterminals* are given with the return type c_coef which is required by other functions in the function set or by the tree's return type.  This may or may not be a problem for you.
PARAMETER: gp.tc.0
WARNING:
In function set f0 for the GPTreeConstraints tc0, no *nonterminals* are given with the return type c_gamma which is required by other functions in the function set or by the tree's return type.  This may or may not be a problem for you.
PARAMETER: gp.tc.0
Reading /home/tomek/studia/magisterka/Kernel-GP Git/ecj-svm/data/dna.scale.seed9.tr
Reading /home/tomek/studia/magisterka/Kernel-GP Git/ecj-svm/data/dna.scale.seed9.t
ONCE-ONLY WARNING:
KozaStatistics is deprecated and will soon be deleted.  Use SimpleStatistics instead.
Initializing Generation 0
Subpop 0 best fitness of generation: Fitness: Standardized=0.05042017 Adjusted=0.952 Hits=0
Subpop 0 best fitness of run: Fitness: Standardized=0.05042017 Adjusted=0.952 Hits=0
Reading /home/tomek/studia/magisterka/Kernel-GP Git/ecj-svm/data/dna.scale.seed9.tr
Reading /home/tomek/studia/magisterka/Kernel-GP Git/ecj-svm/data/dna.scale.seed9.val

| ECJ
| An evolutionary computation system (version 20)
| By Sean Luke
| Contributors: L. Panait, G. Balan, S. Paus, Z. Skolicki, R. Kicinger, E. Popovici,
|               K. Sullivan, J. Harrison, J. Bassett, R. Hubley, A. Desai, A. Chircop,
|               J. Compton, W. Haddon, S. Donnelly, B. Jamil, J. Zelibor, E. Kangas,
|               F. Abidi, H. Mooers, and J. O'Beirne
| URL: http://cs.gmu.edu/~eclab/projects/ecj/
| Mail: ecj-help@cs.gmu.edu
|       (better: join ECJ-INTEREST at URL above)
| Date: December 15, 2010
| Current Java: 1.6.0_24 / OpenJDK Server VM-20.0-b12
| Required Minimum Java: 1.4


Threads:  breed/2 eval/2
Seed: -1727675015 134280905 
Job: 0
Setting up
Processing GP Types
Processing GP Node Constraints
Processing GP Function Sets
Processing GP Tree Constraints
WARNING:
In function set f0 for the GPTreeConstraints tc0, no *nonterminals* are given with the return type c_gamma which is required by other functions in the function set or by the tree's return type.  This may or may not be a problem for you.
PARAMETER: gp.tc.0
WARNING:
In function set f0 for the GPTreeConstraints tc0, no *nonterminals* are given with the return type c_coef which is required by other functions in the function set or by the tree's return type.  This may or may not be a problem for you.
PARAMETER: gp.tc.0
WARNING:
In function set f0 for the GPTreeConstraints tc0, no *nonterminals* are given with the return type c_degree which is required by other functions in the function set or by the tree's return type.  This may or may not be a problem for you.
PARAMETER: gp.tc.0
WARNING:
In function set f0 for the GPTreeConstraints tc0, no *nonterminals* are given with the return type c_a which is required by other functions in the function set or by the tree's return type.  This may or may not be a problem for you.
PARAMETER: gp.tc.0
Reading /home/tomek/studia/magisterka/Kernel-GP Git/ecj-svm/data/dna.scale.seed0.tr
Reading /home/tomek/studia/magisterka/Kernel-GP Git/ecj-svm/data/dna.scale.seed0.t
ONCE-ONLY WARNING:
KozaStatistics is deprecated and will soon be deleted.  Use SimpleStatistics instead.
Initializing Generation 0
Subpop 0 best fitness of generation: Fitness: Standardized=0.046025105 Adjusted=0.956 Hits=0
Generation 1
Subpop 0 best fitness of generation: Fitness: Standardized=0.046025105 Adjusted=0.956 Hits=0
Generation 2
Subpop 0 best fitness of generation: Fitness: Standardized=0.043841336 Adjusted=0.958 Hits=0
Subpop 0 best fitness of run: Fitness: Standardized=0.043841336 Adjusted=0.958 Hits=0
Reading /home/tomek/studia/magisterka/Kernel-GP Git/ecj-svm/data/dna.scale.seed0.tr
Reading /home/tomek/studia/magisterka/Kernel-GP Git/ecj-svm/data/dna.scale.seed0.val

| ECJ
| An evolutionary computation system (version 20)
| By Sean Luke
| Contributors: L. Panait, G. Balan, S. Paus, Z. Skolicki, R. Kicinger, E. Popovici,
|               K. Sullivan, J. Harrison, J. Bassett, R. Hubley, A. Desai, A. Chircop,
|               J. Compton, W. Haddon, S. Donnelly, B. Jamil, J. Zelibor, E. Kangas,
|               F. Abidi, H. Mooers, and J. O'Beirne
| URL: http://cs.gmu.edu/~eclab/projects/ecj/
| Mail: ecj-help@cs.gmu.edu
|       (better: join ECJ-INTEREST at URL above)
| Date: December 15, 2010
| Current Java: 1.6.0_24 / OpenJDK Server VM-20.0-b12
| Required Minimum Java: 1.4


Threads:  breed/2 eval/2
Seed: -1726565296 134280905 
Job: 0
Setting up
Processing GP Types
Processing GP Node Constraints
Processing GP Function Sets
Processing GP Tree Constraints
WARNING:
In function set f0 for the GPTreeConstraints tc0, no *nonterminals* are given with the return type c_coef which is required by other functions in the function set or by the tree's return type.  This may or may not be a problem for you.
PARAMETER: gp.tc.0
WARNING:
In function set f0 for the GPTreeConstraints tc0, no *nonterminals* are given with the return type c_degree which is required by other functions in the function set or by the tree's return type.  This may or may not be a problem for you.
PARAMETER: gp.tc.0
WARNING:
In function set f0 for the GPTreeConstraints tc0, no *nonterminals* are given with the return type c_gamma which is required by other functions in the function set or by the tree's return type.  This may or may not be a problem for you.
PARAMETER: gp.tc.0
WARNING:
In function set f0 for the GPTreeConstraints tc0, no *nonterminals* are given with the return type c_a which is required by other functions in the function set or by the tree's return type.  This may or may not be a problem for you.
PARAMETER: gp.tc.0
Reading /home/tomek/studia/magisterka/Kernel-GP Git/ecj-svm/data/dna.scale.seed1.tr
Reading /home/tomek/studia/magisterka/Kernel-GP Git/ecj-svm/data/dna.scale.seed1.t
ONCE-ONLY WARNING:
KozaStatistics is deprecated and will soon be deleted.  Use SimpleStatistics instead.
Initializing Generation 0
Subpop 0 best fitness of generation: Fitness: Standardized=0.046025105 Adjusted=0.956 Hits=0
Generation 1
Subpop 0 best fitness of generation: Fitness: Standardized=0.04821803 Adjusted=0.954 Hits=0
Generation 2
Subpop 0 best fitness of generation: Fitness: Standardized=0.04821803 Adjusted=0.954 Hits=0
Subpop 0 best fitness of run: Fitness: Standardized=0.046025105 Adjusted=0.956 Hits=0
Reading /home/tomek/studia/magisterka/Kernel-GP Git/ecj-svm/data/dna.scale.seed1.tr
Reading /home/tomek/studia/magisterka/Kernel-GP Git/ecj-svm/data/dna.scale.seed1.val

| ECJ
| An evolutionary computation system (version 20)
| By Sean Luke
| Contributors: L. Panait, G. Balan, S. Paus, Z. Skolicki, R. Kicinger, E. Popovici,
|               K. Sullivan, J. Harrison, J. Bassett, R. Hubley, A. Desai, A. Chircop,
|               J. Compton, W. Haddon, S. Donnelly, B. Jamil, J. Zelibor, E. Kangas,
|               F. Abidi, H. Mooers, and J. O'Beirne
| URL: http://cs.gmu.edu/~eclab/projects/ecj/
| Mail: ecj-help@cs.gmu.edu
|       (better: join ECJ-INTEREST at URL above)
| Date: December 15, 2010
| Current Java: 1.6.0_24 / OpenJDK Server VM-20.0-b12
| Required Minimum Java: 1.4


Threads:  breed/2 eval/2
Seed: -1725826077 134280905 
Job: 0
Setting up
Processing GP Types
Processing GP Node Constraints
Processing GP Function Sets
Processing GP Tree Constraints
WARNING:
In function set f0 for the GPTreeConstraints tc0, no *nonterminals* are given with the return type c_degree which is required by other functions in the function set or by the tree's return type.  This may or may not be a problem for you.
PARAMETER: gp.tc.0
WARNING:
In function set f0 for the GPTreeConstraints tc0, no *nonterminals* are given with the return type c_a which is required by other functions in the function set or by the tree's return type.  This may or may not be a problem for you.
PARAMETER: gp.tc.0
WARNING:
In function set f0 for the GPTreeConstraints tc0, no *nonterminals* are given with the return type c_coef which is required by other functions in the function set or by the tree's return type.  This may or may not be a problem for you.
PARAMETER: gp.tc.0
WARNING:
In function set f0 for the GPTreeConstraints tc0, no *nonterminals* are given with the return type c_gamma which is required by other functions in the function set or by the tree's return type.  This may or may not be a problem for you.
PARAMETER: gp.tc.0
Reading /home/tomek/studia/magisterka/Kernel-GP Git/ecj-svm/data/dna.scale.seed2.tr
Reading /home/tomek/studia/magisterka/Kernel-GP Git/ecj-svm/data/dna.scale.seed2.t
ONCE-ONLY WARNING:
KozaStatistics is deprecated and will soon be deleted.  Use SimpleStatistics instead.
Initializing Generation 0
Subpop 0 best fitness of generation: Fitness: Standardized=0.046025105 Adjusted=0.956 Hits=0
Generation 1
Subpop 0 best fitness of generation: Fitness: Standardized=0.046025105 Adjusted=0.956 Hits=0
Generation 2
Subpop 0 best fitness of generation: Fitness: Standardized=0.043841336 Adjusted=0.958 Hits=0
Subpop 0 best fitness of run: Fitness: Standardized=0.043841336 Adjusted=0.958 Hits=0
Reading /home/tomek/studia/magisterka/Kernel-GP Git/ecj-svm/data/dna.scale.seed2.tr
Reading /home/tomek/studia/magisterka/Kernel-GP Git/ecj-svm/data/dna.scale.seed2.val

| ECJ
| An evolutionary computation system (version 20)
| By Sean Luke
| Contributors: L. Panait, G. Balan, S. Paus, Z. Skolicki, R. Kicinger, E. Popovici,
|               K. Sullivan, J. Harrison, J. Bassett, R. Hubley, A. Desai, A. Chircop,
|               J. Compton, W. Haddon, S. Donnelly, B. Jamil, J. Zelibor, E. Kangas,
|               F. Abidi, H. Mooers, and J. O'Beirne
| URL: http://cs.gmu.edu/~eclab/projects/ecj/
| Mail: ecj-help@cs.gmu.edu
|       (better: join ECJ-INTEREST at URL above)
| Date: December 15, 2010
| Current Java: 1.6.0_24 / OpenJDK Server VM-20.0-b12
| Required Minimum Java: 1.4


Threads:  breed/2 eval/2
Seed: -1724308663 134280905 
Job: 0
Setting up
Processing GP Types
Processing GP Node Constraints
Processing GP Function Sets
Processing GP Tree Constraints
WARNING:
In function set f0 for the GPTreeConstraints tc0, no *nonterminals* are given with the return type c_gamma which is required by other functions in the function set or by the tree's return type.  This may or may not be a problem for you.
PARAMETER: gp.tc.0
WARNING:
In function set f0 for the GPTreeConstraints tc0, no *nonterminals* are given with the return type c_coef which is required by other functions in the function set or by the tree's return type.  This may or may not be a problem for you.
PARAMETER: gp.tc.0
WARNING:
In function set f0 for the GPTreeConstraints tc0, no *nonterminals* are given with the return type c_degree which is required by other functions in the function set or by the tree's return type.  This may or may not be a problem for you.
PARAMETER: gp.tc.0
WARNING:
In function set f0 for the GPTreeConstraints tc0, no *nonterminals* are given with the return type c_a which is required by other functions in the function set or by the tree's return type.  This may or may not be a problem for you.
PARAMETER: gp.tc.0
Reading /home/tomek/studia/magisterka/Kernel-GP Git/ecj-svm/data/dna.scale.seed3.tr
Reading /home/tomek/studia/magisterka/Kernel-GP Git/ecj-svm/data/dna.scale.seed3.t
ONCE-ONLY WARNING:
KozaStatistics is deprecated and will soon be deleted.  Use SimpleStatistics instead.
Initializing Generation 0
Subpop 0 best fitness of generation: Fitness: Standardized=0.05263158 Adjusted=0.95 Hits=0
Generation 1
Subpop 0 best fitness of generation: Fitness: Standardized=0.04821803 Adjusted=0.954 Hits=0
Generation 2
Subpop 0 best fitness of generation: Fitness: Standardized=0.04821803 Adjusted=0.954 Hits=0
Subpop 0 best fitness of run: Fitness: Standardized=0.04821803 Adjusted=0.954 Hits=0
Reading /home/tomek/studia/magisterka/Kernel-GP Git/ecj-svm/data/dna.scale.seed3.tr
Reading /home/tomek/studia/magisterka/Kernel-GP Git/ecj-svm/data/dna.scale.seed3.val

| ECJ
| An evolutionary computation system (version 20)
| By Sean Luke
| Contributors: L. Panait, G. Balan, S. Paus, Z. Skolicki, R. Kicinger, E. Popovici,
|               K. Sullivan, J. Harrison, J. Bassett, R. Hubley, A. Desai, A. Chircop,
|               J. Compton, W. Haddon, S. Donnelly, B. Jamil, J. Zelibor, E. Kangas,
|               F. Abidi, H. Mooers, and J. O'Beirne
| URL: http://cs.gmu.edu/~eclab/projects/ecj/
| Mail: ecj-help@cs.gmu.edu
|       (better: join ECJ-INTEREST at URL above)
| Date: December 15, 2010
| Current Java: 1.6.0_24 / OpenJDK Server VM-20.0-b12
| Required Minimum Java: 1.4


Threads:  breed/2 eval/2
Seed: -1722187018 134280905 
Job: 0
Setting up
Processing GP Types
Processing GP Node Constraints
Processing GP Function Sets
Processing GP Tree Constraints
WARNING:
In function set f0 for the GPTreeConstraints tc0, no *nonterminals* are given with the return type c_coef which is required by other functions in the function set or by the tree's return type.  This may or may not be a problem for you.
PARAMETER: gp.tc.0
WARNING:
In function set f0 for the GPTreeConstraints tc0, no *nonterminals* are given with the return type c_degree which is required by other functions in the function set or by the tree's return type.  This may or may not be a problem for you.
PARAMETER: gp.tc.0
WARNING:
In function set f0 for the GPTreeConstraints tc0, no *nonterminals* are given with the return type c_gamma which is required by other functions in the function set or by the tree's return type.  This may or may not be a problem for you.
PARAMETER: gp.tc.0
WARNING:
In function set f0 for the GPTreeConstraints tc0, no *nonterminals* are given with the return type c_a which is required by other functions in the function set or by the tree's return type.  This may or may not be a problem for you.
PARAMETER: gp.tc.0
Reading /home/tomek/studia/magisterka/Kernel-GP Git/ecj-svm/data/dna.scale.seed4.tr
Reading /home/tomek/studia/magisterka/Kernel-GP Git/ecj-svm/data/dna.scale.seed4.t
ONCE-ONLY WARNING:
KozaStatistics is deprecated and will soon be deleted.  Use SimpleStatistics instead.
Initializing Generation 0
Subpop 0 best fitness of generation: Fitness: Standardized=0.043841336 Adjusted=0.958 Hits=0
Generation 1
Subpop 0 best fitness of generation: Fitness: Standardized=0.03950104 Adjusted=0.96199995 Hits=0
Generation 2
Subpop 0 best fitness of generation: Fitness: Standardized=0.03950104 Adjusted=0.96199995 Hits=0
Subpop 0 best fitness of run: Fitness: Standardized=0.03950104 Adjusted=0.96199995 Hits=0
Reading /home/tomek/studia/magisterka/Kernel-GP Git/ecj-svm/data/dna.scale.seed4.tr
Reading /home/tomek/studia/magisterka/Kernel-GP Git/ecj-svm/data/dna.scale.seed4.val

| ECJ
| An evolutionary computation system (version 20)
| By Sean Luke
| Contributors: L. Panait, G. Balan, S. Paus, Z. Skolicki, R. Kicinger, E. Popovici,
|               K. Sullivan, J. Harrison, J. Bassett, R. Hubley, A. Desai, A. Chircop,
|               J. Compton, W. Haddon, S. Donnelly, B. Jamil, J. Zelibor, E. Kangas,
|               F. Abidi, H. Mooers, and J. O'Beirne
| URL: http://cs.gmu.edu/~eclab/projects/ecj/
| Mail: ecj-help@cs.gmu.edu
|       (better: join ECJ-INTEREST at URL above)
| Date: December 15, 2010
| Current Java: 1.6.0_24 / OpenJDK Server VM-20.0-b12
| Required Minimum Java: 1.4


Threads:  breed/2 eval/2
Seed: -1720981407 134280905 
Job: 0
Setting up
Processing GP Types
Processing GP Node Constraints
Processing GP Function Sets
Processing GP Tree Constraints
WARNING:
In function set f0 for the GPTreeConstraints tc0, no *nonterminals* are given with the return type c_gamma which is required by other functions in the function set or by the tree's return type.  This may or may not be a problem for you.
PARAMETER: gp.tc.0
WARNING:
In function set f0 for the GPTreeConstraints tc0, no *nonterminals* are given with the return type c_coef which is required by other functions in the function set or by the tree's return type.  This may or may not be a problem for you.
PARAMETER: gp.tc.0
WARNING:
In function set f0 for the GPTreeConstraints tc0, no *nonterminals* are given with the return type c_degree which is required by other functions in the function set or by the tree's return type.  This may or may not be a problem for you.
PARAMETER: gp.tc.0
WARNING:
In function set f0 for the GPTreeConstraints tc0, no *nonterminals* are given with the return type c_a which is required by other functions in the function set or by the tree's return type.  This may or may not be a problem for you.
PARAMETER: gp.tc.0
Reading /home/tomek/studia/magisterka/Kernel-GP Git/ecj-svm/data/dna.scale.seed0.tr
Reading /home/tomek/studia/magisterka/Kernel-GP Git/ecj-svm/data/dna.scale.seed0.t
ONCE-ONLY WARNING:
KozaStatistics is deprecated and will soon be deleted.  Use SimpleStatistics instead.
Initializing Generation 0
Subpop 0 best fitness of generation: Fitness: Standardized=0.04821803 Adjusted=0.954 Hits=0
Generation 1
Subpop 0 best fitness of generation: Fitness: Standardized=0.04821803 Adjusted=0.954 Hits=0
Generation 2
Subpop 0 best fitness of generation: Fitness: Standardized=0.043841336 Adjusted=0.958 Hits=0
Generation 3
Subpop 0 best fitness of generation: Fitness: Standardized=0.046025105 Adjusted=0.956 Hits=0
Generation 4
Subpop 0 best fitness of generation: Fitness: Standardized=0.046025105 Adjusted=0.956 Hits=0
Subpop 0 best fitness of run: Fitness: Standardized=0.043841336 Adjusted=0.958 Hits=0
Reading /home/tomek/studia/magisterka/Kernel-GP Git/ecj-svm/data/dna.scale.seed0.tr
Reading /home/tomek/studia/magisterka/Kernel-GP Git/ecj-svm/data/dna.scale.seed0.val

| ECJ
| An evolutionary computation system (version 20)
| By Sean Luke
| Contributors: L. Panait, G. Balan, S. Paus, Z. Skolicki, R. Kicinger, E. Popovici,
|               K. Sullivan, J. Harrison, J. Bassett, R. Hubley, A. Desai, A. Chircop,
|               J. Compton, W. Haddon, S. Donnelly, B. Jamil, J. Zelibor, E. Kangas,
|               F. Abidi, H. Mooers, and J. O'Beirne
| URL: http://cs.gmu.edu/~eclab/projects/ecj/
| Mail: ecj-help@cs.gmu.edu
|       (better: join ECJ-INTEREST at URL above)
| Date: December 15, 2010
| Current Java: 1.6.0_24 / OpenJDK Server VM-20.0-b12
| Required Minimum Java: 1.4


Threads:  breed/2 eval/2
Seed: -1719589418 134280905 
Job: 0
Setting up
Processing GP Types
Processing GP Node Constraints
Processing GP Function Sets
Processing GP Tree Constraints
WARNING:
In function set f0 for the GPTreeConstraints tc0, no *nonterminals* are given with the return type c_coef which is required by other functions in the function set or by the tree's return type.  This may or may not be a problem for you.
PARAMETER: gp.tc.0
WARNING:
In function set f0 for the GPTreeConstraints tc0, no *nonterminals* are given with the return type c_degree which is required by other functions in the function set or by the tree's return type.  This may or may not be a problem for you.
PARAMETER: gp.tc.0
WARNING:
In function set f0 for the GPTreeConstraints tc0, no *nonterminals* are given with the return type c_gamma which is required by other functions in the function set or by the tree's return type.  This may or may not be a problem for you.
PARAMETER: gp.tc.0
WARNING:
In function set f0 for the GPTreeConstraints tc0, no *nonterminals* are given with the return type c_a which is required by other functions in the function set or by the tree's return type.  This may or may not be a problem for you.
PARAMETER: gp.tc.0
Reading /home/tomek/studia/magisterka/Kernel-GP Git/ecj-svm/data/dna.scale.seed1.tr
Reading /home/tomek/studia/magisterka/Kernel-GP Git/ecj-svm/data/dna.scale.seed1.t
ONCE-ONLY WARNING:
KozaStatistics is deprecated and will soon be deleted.  Use SimpleStatistics instead.
Initializing Generation 0
Exception in thread "Thread-0" java.lang.ArrayIndexOutOfBoundsException: -1
	at libsvm.Cache.get_data(svm.java:63)
	at libsvm.SVC_Q_GP.get_Q(SVC_Q_GP.java:47)
	at libsvm.Solver.Solve(svm.java:447)
	at libsvm.svm.solve_c_svc(svm.java:1284)
	at libsvm.svm.svm_train_one(svm.java:1461)
	at libsvm.svm.svm_train(svm.java:1841)
	at ec.app.kernel_gp.Kernel_GP_problem.evaluate(Kernel_GP_problem.java:147)
	at ec.simple.SimpleEvaluator.evalPopChunk(SimpleEvaluator.java:127)
	at ec.simple.SimpleEvaluatorThread.run(SimpleEvaluator.java:158)
	at java.lang.Thread.run(Thread.java:679)
Subpop 0 best fitness of generation: Fitness: Standardized=0.0 Adjusted=1.0 Hits=0
Found Ideal Individual
Subpop 0 best fitness of run: Fitness: Standardized=0.0 Adjusted=1.0 Hits=0
Reading /home/tomek/studia/magisterka/Kernel-GP Git/ecj-svm/data/dna.scale.seed1.tr
Reading /home/tomek/studia/magisterka/Kernel-GP Git/ecj-svm/data/dna.scale.seed1.val
java.lang.ArrayIndexOutOfBoundsException: -1
	at libsvm.Cache.get_data(svm.java:63)
	at libsvm.SVC_Q_GP.get_Q(SVC_Q_GP.java:47)
	at libsvm.Solver.Solve(svm.java:447)
	at libsvm.svm.solve_c_svc(svm.java:1284)
	at libsvm.svm.svm_train_one(svm.java:1461)
	at libsvm.svm.svm_train(svm.java:1841)
	at ec.app.kernel_gp.SimpleEvolutionStateSVM.testSolution(SimpleEvolutionStateSVM.java:87)
	at ec.app.kernel_gp.SimpleEvolutionStateSVM.finish(SimpleEvolutionStateSVM.java:51)
	at ec.EvolutionState.run(EvolutionState.java:374)
	at ec.Evolve.main(Evolve.java:638)
