
| ECJ
| An evolutionary computation system (version 20)
| By Sean Luke
| Contributors: L. Panait, G. Balan, S. Paus, Z. Skolicki, R. Kicinger, E. Popovici,
|               K. Sullivan, J. Harrison, J. Bassett, R. Hubley, A. Desai, A. Chircop,
|               J. Compton, W. Haddon, S. Donnelly, B. Jamil, J. Zelibor, E. Kangas,
|               F. Abidi, H. Mooers, and J. O'Beirne
| URL: http://cs.gmu.edu/~eclab/projects/ecj/
| Mail: ecj-help@cs.gmu.edu
|       (better: join ECJ-INTEREST at URL above)
| Date: December 15, 2010
| Current Java: 1.7.0_04 / Java HotSpot(TM) 64-Bit Server VM-23.0-b21
| Required Minimum Java: 1.4


ONCE-ONLY WARNING:
Using automatic determination number of threads, but not all seeds are defined.
The rest will be defined using the wall clock time.
Threads:  breed/8 eval/8
Seed: -323125461 134280905 214128957 342141245 839284172 -323125456 -323125455 -323125454 
Job: 0
Setting up
Processing GP Types
Processing GP Node Constraints
Processing GP Function Sets
Processing GP Tree Constraints
WARNING:
In function set f0 for the GPTreeConstraints tc0, no *nonterminals* are given with the return type c_a which is required by other functions in the function set or by the tree's return type.  This may or may not be a problem for you.
PARAMETER: gp.tc.0
WARNING:
In function set f0 for the GPTreeConstraints tc0, no *nonterminals* are given with the return type c_degree which is required by other functions in the function set or by the tree's return type.  This may or may not be a problem for you.
PARAMETER: gp.tc.0
WARNING:
In function set f0 for the GPTreeConstraints tc0, no *nonterminals* are given with the return type c_coef which is required by other functions in the function set or by the tree's return type.  This may or may not be a problem for you.
PARAMETER: gp.tc.0
WARNING:
In function set f0 for the GPTreeConstraints tc0, no *nonterminals* are given with the return type c_gamma which is required by other functions in the function set or by the tree's return type.  This may or may not be a problem for you.
PARAMETER: gp.tc.0
Reading /home/adhd/kernelgp/Kernel-GP/ecj-svm/data/mushrooms.seed0.tr
java.io.FileNotFoundException: /home/adhd/kernelgp/Kernel-GP/ecj-svm/data/mushrooms.seed0.tr (No such file or directory)
ONCE-ONLY WARNING:
KozaStatistics is deprecated and will soon be deleted.  Use SimpleStatistics instead.
Initializing Generation 0
Exception in thread "Thread-7" java.lang.NullPointerException
	at ec.app.kernel_gp.Kernel_GP_problem.evaluate(Kernel_GP_problem.java:116)
	at ec.simple.SimpleEvaluator.evalPopChunk(SimpleEvaluator.java:127)
	at ec.simple.SimpleEvaluatorThread.run(SimpleEvaluator.java:158)
	at java.lang.Thread.run(Thread.java:722)
Subpop 0 best fitness of generation: Fitness: Standardized=0.0 Adjusted=1.0 Hits=0
Found Ideal Individual
Subpop 0 best fitness of run: Fitness: Standardized=0.0 Adjusted=1.0 Hits=0
Reading /home/adhd/kernelgp/Kernel-GP/ecj-svm/data/mushrooms.seed0.tr
java.io.FileNotFoundException: /home/adhd/kernelgp/Kernel-GP/ecj-svm/data/mushrooms.seed0.tr (No such file or directory)
	at java.io.FileInputStream.open(Native Method)
	at java.io.FileInputStream.<init>(FileInputStream.java:138)
	at java.io.FileInputStream.<init>(FileInputStream.java:97)
	at java.io.FileReader.<init>(FileReader.java:58)
	at ec.app.kernel_gp.Kernel_GP_problem.read_problem(Kernel_GP_problem.java:211)
	at ec.app.kernel_gp.SimpleEvolutionStateSVM.testSolution(SimpleEvolutionStateSVM.java:78)
	at ec.app.kernel_gp.SimpleEvolutionStateSVM.finish(SimpleEvolutionStateSVM.java:51)
	at ec.EvolutionState.run(EvolutionState.java:374)
	at ec.Evolve.main(Evolve.java:638)
