
| ECJ
| An evolutionary computation system (version 20)
| By Sean Luke
| Contributors: L. Panait, G. Balan, S. Paus, Z. Skolicki, R. Kicinger, E. Popovici,
|               K. Sullivan, J. Harrison, J. Bassett, R. Hubley, A. Desai, A. Chircop,
|               J. Compton, W. Haddon, S. Donnelly, B. Jamil, J. Zelibor, E. Kangas,
|               F. Abidi, H. Mooers, and J. O'Beirne
| URL: http://cs.gmu.edu/~eclab/projects/ecj/
| Mail: ecj-help@cs.gmu.edu
|       (better: join ECJ-INTEREST at URL above)
| Date: December 15, 2010
| Current Java: 1.6.0_24 / OpenJDK Server VM-20.0-b12
| Required Minimum Java: 1.4


Threads:  breed/2 eval/2
Seed: 987455334 134280905 
Job: 0
Setting up
Processing GP Types
Processing GP Node Constraints
Processing GP Function Sets
Processing GP Tree Constraints
WARNING:
In function set f0 for the GPTreeConstraints tc0, no *nonterminals* are given with the return type c_coef which is required by other functions in the function set or by the tree's return type.  This may or may not be a problem for you.
PARAMETER: gp.tc.0
WARNING:
In function set f0 for the GPTreeConstraints tc0, no *nonterminals* are given with the return type c_degree which is required by other functions in the function set or by the tree's return type.  This may or may not be a problem for you.
PARAMETER: gp.tc.0
WARNING:
In function set f0 for the GPTreeConstraints tc0, no *nonterminals* are given with the return type c_gamma which is required by other functions in the function set or by the tree's return type.  This may or may not be a problem for you.
PARAMETER: gp.tc.0
WARNING:
In function set f0 for the GPTreeConstraints tc0, no *nonterminals* are given with the return type c_a which is required by other functions in the function set or by the tree's return type.  This may or may not be a problem for you.
PARAMETER: gp.tc.0
Reading data/iris.scale.tr
Reading data/iris.scale.t
ONCE-ONLY WARNING:
KozaStatistics is deprecated and will soon be deleted.  Use SimpleStatistics instead.
Initializing Generation 0
Subpop 0 best fitness of generation: Fitness: Standardized=0.03448276 Adjusted=0.9666667 Hits=0
Subpop 0 best fitness of run: Fitness: Standardized=0.03448276 Adjusted=0.9666667 Hits=0
Reading data/iris.scale.tr
Reading data/iris.scale.v

| ECJ
| An evolutionary computation system (version 20)
| By Sean Luke
| Contributors: L. Panait, G. Balan, S. Paus, Z. Skolicki, R. Kicinger, E. Popovici,
|               K. Sullivan, J. Harrison, J. Bassett, R. Hubley, A. Desai, A. Chircop,
|               J. Compton, W. Haddon, S. Donnelly, B. Jamil, J. Zelibor, E. Kangas,
|               F. Abidi, H. Mooers, and J. O'Beirne
| URL: http://cs.gmu.edu/~eclab/projects/ecj/
| Mail: ecj-help@cs.gmu.edu
|       (better: join ECJ-INTEREST at URL above)
| Date: December 15, 2010
| Current Java: 1.6.0_24 / OpenJDK Server VM-20.0-b12
| Required Minimum Java: 1.4


Threads:  breed/2 eval/2
Seed: 987455699 134280905 
Job: 0
Setting up
Processing GP Types
Processing GP Node Constraints
Processing GP Function Sets
Processing GP Tree Constraints
WARNING:
In function set f0 for the GPTreeConstraints tc0, no *nonterminals* are given with the return type c_gamma which is required by other functions in the function set or by the tree's return type.  This may or may not be a problem for you.
PARAMETER: gp.tc.0
WARNING:
In function set f0 for the GPTreeConstraints tc0, no *nonterminals* are given with the return type c_coef which is required by other functions in the function set or by the tree's return type.  This may or may not be a problem for you.
PARAMETER: gp.tc.0
WARNING:
In function set f0 for the GPTreeConstraints tc0, no *nonterminals* are given with the return type c_degree which is required by other functions in the function set or by the tree's return type.  This may or may not be a problem for you.
PARAMETER: gp.tc.0
WARNING:
In function set f0 for the GPTreeConstraints tc0, no *nonterminals* are given with the return type c_a which is required by other functions in the function set or by the tree's return type.  This may or may not be a problem for you.
PARAMETER: gp.tc.0
Reading data/iris.scale.tr
Reading data/iris.scale.t
ONCE-ONLY WARNING:
KozaStatistics is deprecated and will soon be deleted.  Use SimpleStatistics instead.
Initializing Generation 0
Subpop 0 best fitness of generation: Fitness: Standardized=0.03448276 Adjusted=0.9666667 Hits=0
Generation 1
Subpop 0 best fitness of generation: Fitness: Standardized=0.03448276 Adjusted=0.9666667 Hits=0
Generation 2
Subpop 0 best fitness of generation: Fitness: Standardized=0.03448276 Adjusted=0.9666667 Hits=0
Subpop 0 best fitness of run: Fitness: Standardized=0.03448276 Adjusted=0.9666667 Hits=0
Reading data/iris.scale.tr
Reading data/iris.scale.v

| ECJ
| An evolutionary computation system (version 20)
| By Sean Luke
| Contributors: L. Panait, G. Balan, S. Paus, Z. Skolicki, R. Kicinger, E. Popovici,
|               K. Sullivan, J. Harrison, J. Bassett, R. Hubley, A. Desai, A. Chircop,
|               J. Compton, W. Haddon, S. Donnelly, B. Jamil, J. Zelibor, E. Kangas,
|               F. Abidi, H. Mooers, and J. O'Beirne
| URL: http://cs.gmu.edu/~eclab/projects/ecj/
| Mail: ecj-help@cs.gmu.edu
|       (better: join ECJ-INTEREST at URL above)
| Date: December 15, 2010
| Current Java: 1.6.0_24 / OpenJDK Server VM-20.0-b12
| Required Minimum Java: 1.4


Threads:  breed/2 eval/2
Seed: 987456048 134280905 
Job: 0
Setting up
Processing GP Types
Processing GP Node Constraints
Processing GP Function Sets
Processing GP Tree Constraints
WARNING:
In function set f0 for the GPTreeConstraints tc0, no *nonterminals* are given with the return type c_gamma which is required by other functions in the function set or by the tree's return type.  This may or may not be a problem for you.
PARAMETER: gp.tc.0
WARNING:
In function set f0 for the GPTreeConstraints tc0, no *nonterminals* are given with the return type c_coef which is required by other functions in the function set or by the tree's return type.  This may or may not be a problem for you.
PARAMETER: gp.tc.0
WARNING:
In function set f0 for the GPTreeConstraints tc0, no *nonterminals* are given with the return type c_degree which is required by other functions in the function set or by the tree's return type.  This may or may not be a problem for you.
PARAMETER: gp.tc.0
WARNING:
In function set f0 for the GPTreeConstraints tc0, no *nonterminals* are given with the return type c_a which is required by other functions in the function set or by the tree's return type.  This may or may not be a problem for you.
PARAMETER: gp.tc.0
Reading data/iris.scale.tr
Reading data/iris.scale.t
ONCE-ONLY WARNING:
KozaStatistics is deprecated and will soon be deleted.  Use SimpleStatistics instead.
Initializing Generation 0
Subpop 0 best fitness of generation: Fitness: Standardized=0.071428575 Adjusted=0.93333334 Hits=0
Subpop 0 best fitness of run: Fitness: Standardized=0.071428575 Adjusted=0.93333334 Hits=0
Reading data/iris.scale.tr
Reading data/iris.scale.v

| ECJ
| An evolutionary computation system (version 20)
| By Sean Luke
| Contributors: L. Panait, G. Balan, S. Paus, Z. Skolicki, R. Kicinger, E. Popovici,
|               K. Sullivan, J. Harrison, J. Bassett, R. Hubley, A. Desai, A. Chircop,
|               J. Compton, W. Haddon, S. Donnelly, B. Jamil, J. Zelibor, E. Kangas,
|               F. Abidi, H. Mooers, and J. O'Beirne
| URL: http://cs.gmu.edu/~eclab/projects/ecj/
| Mail: ecj-help@cs.gmu.edu
|       (better: join ECJ-INTEREST at URL above)
| Date: December 15, 2010
| Current Java: 1.6.0_24 / OpenJDK Server VM-20.0-b12
| Required Minimum Java: 1.4


Threads:  breed/2 eval/2
Seed: 987468233 134280905 
Job: 0
Setting up
Processing GP Types
Processing GP Node Constraints
Processing GP Function Sets
Processing GP Tree Constraints
WARNING:
In function set f0 for the GPTreeConstraints tc0, no *nonterminals* are given with the return type c_coef which is required by other functions in the function set or by the tree's return type.  This may or may not be a problem for you.
PARAMETER: gp.tc.0
WARNING:
In function set f0 for the GPTreeConstraints tc0, no *nonterminals* are given with the return type c_degree which is required by other functions in the function set or by the tree's return type.  This may or may not be a problem for you.
PARAMETER: gp.tc.0
WARNING:
In function set f0 for the GPTreeConstraints tc0, no *nonterminals* are given with the return type c_gamma which is required by other functions in the function set or by the tree's return type.  This may or may not be a problem for you.
PARAMETER: gp.tc.0
WARNING:
In function set f0 for the GPTreeConstraints tc0, no *nonterminals* are given with the return type c_a which is required by other functions in the function set or by the tree's return type.  This may or may not be a problem for you.
PARAMETER: gp.tc.0
Reading data/iris.scale.tr
Reading data/iris.scale.t
ONCE-ONLY WARNING:
KozaStatistics is deprecated and will soon be deleted.  Use SimpleStatistics instead.
Initializing Generation 0
Subpop 0 best fitness of generation: Fitness: Standardized=0.03448276 Adjusted=0.9666667 Hits=0
Generation 1
Subpop 0 best fitness of generation: Fitness: Standardized=0.03448276 Adjusted=0.9666667 Hits=0
Generation 2
Subpop 0 best fitness of generation: Fitness: Standardized=0.03448276 Adjusted=0.9666667 Hits=0
Subpop 0 best fitness of run: Fitness: Standardized=0.03448276 Adjusted=0.9666667 Hits=0
Reading data/iris.scale.tr
Reading data/iris.scale.v

| ECJ
| An evolutionary computation system (version 20)
| By Sean Luke
| Contributors: L. Panait, G. Balan, S. Paus, Z. Skolicki, R. Kicinger, E. Popovici,
|               K. Sullivan, J. Harrison, J. Bassett, R. Hubley, A. Desai, A. Chircop,
|               J. Compton, W. Haddon, S. Donnelly, B. Jamil, J. Zelibor, E. Kangas,
|               F. Abidi, H. Mooers, and J. O'Beirne
| URL: http://cs.gmu.edu/~eclab/projects/ecj/
| Mail: ecj-help@cs.gmu.edu
|       (better: join ECJ-INTEREST at URL above)
| Date: December 15, 2010
| Current Java: 1.6.0_24 / OpenJDK Server VM-20.0-b12
| Required Minimum Java: 1.4


Threads:  breed/2 eval/2
Seed: 987474494 134280905 
Job: 0
Setting up
Processing GP Types
Processing GP Node Constraints
Processing GP Function Sets
Processing GP Tree Constraints
WARNING:
In function set f0 for the GPTreeConstraints tc0, no *nonterminals* are given with the return type c_gamma which is required by other functions in the function set or by the tree's return type.  This may or may not be a problem for you.
PARAMETER: gp.tc.0
WARNING:
In function set f0 for the GPTreeConstraints tc0, no *nonterminals* are given with the return type c_coef which is required by other functions in the function set or by the tree's return type.  This may or may not be a problem for you.
PARAMETER: gp.tc.0
WARNING:
In function set f0 for the GPTreeConstraints tc0, no *nonterminals* are given with the return type c_degree which is required by other functions in the function set or by the tree's return type.  This may or may not be a problem for you.
PARAMETER: gp.tc.0
WARNING:
In function set f0 for the GPTreeConstraints tc0, no *nonterminals* are given with the return type c_a which is required by other functions in the function set or by the tree's return type.  This may or may not be a problem for you.
PARAMETER: gp.tc.0
Reading data/iris.scale.tr
Reading data/iris.scale.t
ONCE-ONLY WARNING:
KozaStatistics is deprecated and will soon be deleted.  Use SimpleStatistics instead.
Initializing Generation 0
Subpop 0 best fitness of generation: Fitness: Standardized=0.03448276 Adjusted=0.9666667 Hits=0
Subpop 0 best fitness of run: Fitness: Standardized=0.03448276 Adjusted=0.9666667 Hits=0
Reading data/iris.scale.tr
Reading data/iris.scale.v

| ECJ
| An evolutionary computation system (version 20)
| By Sean Luke
| Contributors: L. Panait, G. Balan, S. Paus, Z. Skolicki, R. Kicinger, E. Popovici,
|               K. Sullivan, J. Harrison, J. Bassett, R. Hubley, A. Desai, A. Chircop,
|               J. Compton, W. Haddon, S. Donnelly, B. Jamil, J. Zelibor, E. Kangas,
|               F. Abidi, H. Mooers, and J. O'Beirne
| URL: http://cs.gmu.edu/~eclab/projects/ecj/
| Mail: ecj-help@cs.gmu.edu
|       (better: join ECJ-INTEREST at URL above)
| Date: December 15, 2010
| Current Java: 1.6.0_24 / OpenJDK Server VM-20.0-b12
| Required Minimum Java: 1.4


Threads:  breed/2 eval/2
Seed: 987486586 134280905 
Job: 0
Setting up
Processing GP Types
Processing GP Node Constraints
Processing GP Function Sets
Processing GP Tree Constraints
WARNING:
In function set f0 for the GPTreeConstraints tc0, no *nonterminals* are given with the return type c_gamma which is required by other functions in the function set or by the tree's return type.  This may or may not be a problem for you.
PARAMETER: gp.tc.0
WARNING:
In function set f0 for the GPTreeConstraints tc0, no *nonterminals* are given with the return type c_coef which is required by other functions in the function set or by the tree's return type.  This may or may not be a problem for you.
PARAMETER: gp.tc.0
WARNING:
In function set f0 for the GPTreeConstraints tc0, no *nonterminals* are given with the return type c_degree which is required by other functions in the function set or by the tree's return type.  This may or may not be a problem for you.
PARAMETER: gp.tc.0
WARNING:
In function set f0 for the GPTreeConstraints tc0, no *nonterminals* are given with the return type c_a which is required by other functions in the function set or by the tree's return type.  This may or may not be a problem for you.
PARAMETER: gp.tc.0
Reading data/iris.scale.tr
Reading data/iris.scale.t
ONCE-ONLY WARNING:
KozaStatistics is deprecated and will soon be deleted.  Use SimpleStatistics instead.
Initializing Generation 0
Subpop 0 best fitness of generation: Fitness: Standardized=0.03448276 Adjusted=0.9666667 Hits=0
Generation 1
Subpop 0 best fitness of generation: Fitness: Standardized=0.03448276 Adjusted=0.9666667 Hits=0
Generation 2
Subpop 0 best fitness of generation: Fitness: Standardized=0.03448276 Adjusted=0.9666667 Hits=0
Subpop 0 best fitness of run: Fitness: Standardized=0.03448276 Adjusted=0.9666667 Hits=0
Reading data/iris.scale.tr
Reading data/iris.scale.v

| ECJ
| An evolutionary computation system (version 20)
| By Sean Luke
| Contributors: L. Panait, G. Balan, S. Paus, Z. Skolicki, R. Kicinger, E. Popovici,
|               K. Sullivan, J. Harrison, J. Bassett, R. Hubley, A. Desai, A. Chircop,
|               J. Compton, W. Haddon, S. Donnelly, B. Jamil, J. Zelibor, E. Kangas,
|               F. Abidi, H. Mooers, and J. O'Beirne
| URL: http://cs.gmu.edu/~eclab/projects/ecj/
| Mail: ecj-help@cs.gmu.edu
|       (better: join ECJ-INTEREST at URL above)
| Date: December 15, 2010
| Current Java: 1.6.0_24 / OpenJDK Server VM-20.0-b12
| Required Minimum Java: 1.4


Threads:  breed/2 eval/2
Seed: 987506840 134280905 
Job: 0
Setting up
Processing GP Types
Processing GP Node Constraints
Processing GP Function Sets
Processing GP Tree Constraints
WARNING:
In function set f0 for the GPTreeConstraints tc0, no *nonterminals* are given with the return type c_gamma which is required by other functions in the function set or by the tree's return type.  This may or may not be a problem for you.
PARAMETER: gp.tc.0
WARNING:
In function set f0 for the GPTreeConstraints tc0, no *nonterminals* are given with the return type c_coef which is required by other functions in the function set or by the tree's return type.  This may or may not be a problem for you.
PARAMETER: gp.tc.0
WARNING:
In function set f0 for the GPTreeConstraints tc0, no *nonterminals* are given with the return type c_degree which is required by other functions in the function set or by the tree's return type.  This may or may not be a problem for you.
PARAMETER: gp.tc.0
WARNING:
In function set f0 for the GPTreeConstraints tc0, no *nonterminals* are given with the return type c_a which is required by other functions in the function set or by the tree's return type.  This may or may not be a problem for you.
PARAMETER: gp.tc.0
Reading data/iris.scale.tr
Reading data/iris.scale.t
ONCE-ONLY WARNING:
KozaStatistics is deprecated and will soon be deleted.  Use SimpleStatistics instead.
Initializing Generation 0
Subpop 0 best fitness of generation: Fitness: Standardized=0.03448276 Adjusted=0.9666667 Hits=0
Subpop 0 best fitness of run: Fitness: Standardized=0.03448276 Adjusted=0.9666667 Hits=0
Reading data/iris.scale.tr
Reading data/iris.scale.v

| ECJ
| An evolutionary computation system (version 20)
| By Sean Luke
| Contributors: L. Panait, G. Balan, S. Paus, Z. Skolicki, R. Kicinger, E. Popovici,
|               K. Sullivan, J. Harrison, J. Bassett, R. Hubley, A. Desai, A. Chircop,
|               J. Compton, W. Haddon, S. Donnelly, B. Jamil, J. Zelibor, E. Kangas,
|               F. Abidi, H. Mooers, and J. O'Beirne
| URL: http://cs.gmu.edu/~eclab/projects/ecj/
| Mail: ecj-help@cs.gmu.edu
|       (better: join ECJ-INTEREST at URL above)
| Date: December 15, 2010
| Current Java: 1.6.0_24 / OpenJDK Server VM-20.0-b12
| Required Minimum Java: 1.4


Threads:  breed/2 eval/2
Seed: 987507200 134280905 
Job: 0
Setting up
Processing GP Types
Processing GP Node Constraints
Processing GP Function Sets
Processing GP Tree Constraints
WARNING:
In function set f0 for the GPTreeConstraints tc0, no *nonterminals* are given with the return type c_gamma which is required by other functions in the function set or by the tree's return type.  This may or may not be a problem for you.
PARAMETER: gp.tc.0
WARNING:
In function set f0 for the GPTreeConstraints tc0, no *nonterminals* are given with the return type c_coef which is required by other functions in the function set or by the tree's return type.  This may or may not be a problem for you.
PARAMETER: gp.tc.0
WARNING:
In function set f0 for the GPTreeConstraints tc0, no *nonterminals* are given with the return type c_degree which is required by other functions in the function set or by the tree's return type.  This may or may not be a problem for you.
PARAMETER: gp.tc.0
WARNING:
In function set f0 for the GPTreeConstraints tc0, no *nonterminals* are given with the return type c_a which is required by other functions in the function set or by the tree's return type.  This may or may not be a problem for you.
PARAMETER: gp.tc.0
Reading data/iris.scale.tr
Reading data/iris.scale.t
ONCE-ONLY WARNING:
KozaStatistics is deprecated and will soon be deleted.  Use SimpleStatistics instead.
Initializing Generation 0
Subpop 0 best fitness of generation: Fitness: Standardized=0.03448276 Adjusted=0.9666667 Hits=0
Generation 1
Subpop 0 best fitness of generation: Fitness: Standardized=0.03448276 Adjusted=0.9666667 Hits=0
Generation 2
Subpop 0 best fitness of generation: Fitness: Standardized=0.03448276 Adjusted=0.9666667 Hits=0
Subpop 0 best fitness of run: Fitness: Standardized=0.03448276 Adjusted=0.9666667 Hits=0
Reading data/iris.scale.tr
Reading data/iris.scale.v

| ECJ
| An evolutionary computation system (version 20)
| By Sean Luke
| Contributors: L. Panait, G. Balan, S. Paus, Z. Skolicki, R. Kicinger, E. Popovici,
|               K. Sullivan, J. Harrison, J. Bassett, R. Hubley, A. Desai, A. Chircop,
|               J. Compton, W. Haddon, S. Donnelly, B. Jamil, J. Zelibor, E. Kangas,
|               F. Abidi, H. Mooers, and J. O'Beirne
| URL: http://cs.gmu.edu/~eclab/projects/ecj/
| Mail: ecj-help@cs.gmu.edu
|       (better: join ECJ-INTEREST at URL above)
| Date: December 15, 2010
| Current Java: 1.6.0_24 / OpenJDK Server VM-20.0-b12
| Required Minimum Java: 1.4


Threads:  breed/2 eval/2
Seed: 987507705 134280905 
Job: 0
Setting up
Processing GP Types
Processing GP Node Constraints
Processing GP Function Sets
Processing GP Tree Constraints
WARNING:
In function set f0 for the GPTreeConstraints tc0, no *nonterminals* are given with the return type c_degree which is required by other functions in the function set or by the tree's return type.  This may or may not be a problem for you.
PARAMETER: gp.tc.0
WARNING:
In function set f0 for the GPTreeConstraints tc0, no *nonterminals* are given with the return type c_a which is required by other functions in the function set or by the tree's return type.  This may or may not be a problem for you.
PARAMETER: gp.tc.0
WARNING:
In function set f0 for the GPTreeConstraints tc0, no *nonterminals* are given with the return type c_coef which is required by other functions in the function set or by the tree's return type.  This may or may not be a problem for you.
PARAMETER: gp.tc.0
WARNING:
In function set f0 for the GPTreeConstraints tc0, no *nonterminals* are given with the return type c_gamma which is required by other functions in the function set or by the tree's return type.  This may or may not be a problem for you.
PARAMETER: gp.tc.0
Reading data/iris.scale.tr
Reading data/iris.scale.t
ONCE-ONLY WARNING:
KozaStatistics is deprecated and will soon be deleted.  Use SimpleStatistics instead.
Initializing Generation 0
Subpop 0 best fitness of generation: Fitness: Standardized=0.03448276 Adjusted=0.9666667 Hits=0
Subpop 0 best fitness of run: Fitness: Standardized=0.03448276 Adjusted=0.9666667 Hits=0
Reading data/iris.scale.tr
Reading data/iris.scale.v

| ECJ
| An evolutionary computation system (version 20)
| By Sean Luke
| Contributors: L. Panait, G. Balan, S. Paus, Z. Skolicki, R. Kicinger, E. Popovici,
|               K. Sullivan, J. Harrison, J. Bassett, R. Hubley, A. Desai, A. Chircop,
|               J. Compton, W. Haddon, S. Donnelly, B. Jamil, J. Zelibor, E. Kangas,
|               F. Abidi, H. Mooers, and J. O'Beirne
| URL: http://cs.gmu.edu/~eclab/projects/ecj/
| Mail: ecj-help@cs.gmu.edu
|       (better: join ECJ-INTEREST at URL above)
| Date: December 15, 2010
| Current Java: 1.6.0_24 / OpenJDK Server VM-20.0-b12
| Required Minimum Java: 1.4


Threads:  breed/2 eval/2
Seed: 987527793 134280905 
Job: 0
Setting up
Processing GP Types
Processing GP Node Constraints
Processing GP Function Sets
Processing GP Tree Constraints
WARNING:
In function set f0 for the GPTreeConstraints tc0, no *nonterminals* are given with the return type c_gamma which is required by other functions in the function set or by the tree's return type.  This may or may not be a problem for you.
PARAMETER: gp.tc.0
WARNING:
In function set f0 for the GPTreeConstraints tc0, no *nonterminals* are given with the return type c_coef which is required by other functions in the function set or by the tree's return type.  This may or may not be a problem for you.
PARAMETER: gp.tc.0
WARNING:
In function set f0 for the GPTreeConstraints tc0, no *nonterminals* are given with the return type c_degree which is required by other functions in the function set or by the tree's return type.  This may or may not be a problem for you.
PARAMETER: gp.tc.0
WARNING:
In function set f0 for the GPTreeConstraints tc0, no *nonterminals* are given with the return type c_a which is required by other functions in the function set or by the tree's return type.  This may or may not be a problem for you.
PARAMETER: gp.tc.0
Reading data/iris.scale.tr
Reading data/iris.scale.t
ONCE-ONLY WARNING:
KozaStatistics is deprecated and will soon be deleted.  Use SimpleStatistics instead.
Initializing Generation 0
Subpop 0 best fitness of generation: Fitness: Standardized=0.03448276 Adjusted=0.9666667 Hits=0
Generation 1
Subpop 0 best fitness of generation: Fitness: Standardized=0.03448276 Adjusted=0.9666667 Hits=0
Generation 2
Subpop 0 best fitness of generation: Fitness: Standardized=0.03448276 Adjusted=0.9666667 Hits=0
Subpop 0 best fitness of run: Fitness: Standardized=0.03448276 Adjusted=0.9666667 Hits=0
Reading data/iris.scale.tr
Reading data/iris.scale.v

| ECJ
| An evolutionary computation system (version 20)
| By Sean Luke
| Contributors: L. Panait, G. Balan, S. Paus, Z. Skolicki, R. Kicinger, E. Popovici,
|               K. Sullivan, J. Harrison, J. Bassett, R. Hubley, A. Desai, A. Chircop,
|               J. Compton, W. Haddon, S. Donnelly, B. Jamil, J. Zelibor, E. Kangas,
|               F. Abidi, H. Mooers, and J. O'Beirne
| URL: http://cs.gmu.edu/~eclab/projects/ecj/
| Mail: ecj-help@cs.gmu.edu
|       (better: join ECJ-INTEREST at URL above)
| Date: December 15, 2010
| Current Java: 1.6.0_24 / OpenJDK Server VM-20.0-b12
| Required Minimum Java: 1.4


Threads:  breed/2 eval/2
Seed: 987533946 134280905 
Job: 0
Setting up
Processing GP Types
Processing GP Node Constraints
Processing GP Function Sets
Processing GP Tree Constraints
WARNING:
In function set f0 for the GPTreeConstraints tc0, no *nonterminals* are given with the return type c_gamma which is required by other functions in the function set or by the tree's return type.  This may or may not be a problem for you.
PARAMETER: gp.tc.0
WARNING:
In function set f0 for the GPTreeConstraints tc0, no *nonterminals* are given with the return type c_coef which is required by other functions in the function set or by the tree's return type.  This may or may not be a problem for you.
PARAMETER: gp.tc.0
WARNING:
In function set f0 for the GPTreeConstraints tc0, no *nonterminals* are given with the return type c_degree which is required by other functions in the function set or by the tree's return type.  This may or may not be a problem for you.
PARAMETER: gp.tc.0
WARNING:
In function set f0 for the GPTreeConstraints tc0, no *nonterminals* are given with the return type c_a which is required by other functions in the function set or by the tree's return type.  This may or may not be a problem for you.
PARAMETER: gp.tc.0
Reading data/iris.scale.tr
Reading data/iris.scale.t
ONCE-ONLY WARNING:
KozaStatistics is deprecated and will soon be deleted.  Use SimpleStatistics instead.
Initializing Generation 0
Subpop 0 best fitness of generation: Fitness: Standardized=0.03448276 Adjusted=0.9666667 Hits=0
Subpop 0 best fitness of run: Fitness: Standardized=0.03448276 Adjusted=0.9666667 Hits=0
Reading data/iris.scale.tr
Reading data/iris.scale.v

| ECJ
| An evolutionary computation system (version 20)
| By Sean Luke
| Contributors: L. Panait, G. Balan, S. Paus, Z. Skolicki, R. Kicinger, E. Popovici,
|               K. Sullivan, J. Harrison, J. Bassett, R. Hubley, A. Desai, A. Chircop,
|               J. Compton, W. Haddon, S. Donnelly, B. Jamil, J. Zelibor, E. Kangas,
|               F. Abidi, H. Mooers, and J. O'Beirne
| URL: http://cs.gmu.edu/~eclab/projects/ecj/
| Mail: ecj-help@cs.gmu.edu
|       (better: join ECJ-INTEREST at URL above)
| Date: December 15, 2010
| Current Java: 1.6.0_24 / OpenJDK Server VM-20.0-b12
| Required Minimum Java: 1.4


Threads:  breed/2 eval/2
Seed: 987538654 134280905 
Job: 0
Setting up
Processing GP Types
Processing GP Node Constraints
Processing GP Function Sets
Processing GP Tree Constraints
WARNING:
In function set f0 for the GPTreeConstraints tc0, no *nonterminals* are given with the return type c_gamma which is required by other functions in the function set or by the tree's return type.  This may or may not be a problem for you.
PARAMETER: gp.tc.0
WARNING:
In function set f0 for the GPTreeConstraints tc0, no *nonterminals* are given with the return type c_coef which is required by other functions in the function set or by the tree's return type.  This may or may not be a problem for you.
PARAMETER: gp.tc.0
WARNING:
In function set f0 for the GPTreeConstraints tc0, no *nonterminals* are given with the return type c_degree which is required by other functions in the function set or by the tree's return type.  This may or may not be a problem for you.
PARAMETER: gp.tc.0
WARNING:
In function set f0 for the GPTreeConstraints tc0, no *nonterminals* are given with the return type c_a which is required by other functions in the function set or by the tree's return type.  This may or may not be a problem for you.
PARAMETER: gp.tc.0
Reading data/iris.scale.tr
Reading data/iris.scale.t
ONCE-ONLY WARNING:
KozaStatistics is deprecated and will soon be deleted.  Use SimpleStatistics instead.
Initializing Generation 0
Subpop 0 best fitness of generation: Fitness: Standardized=0.03448276 Adjusted=0.9666667 Hits=0
Generation 1
Subpop 0 best fitness of generation: Fitness: Standardized=0.03448276 Adjusted=0.9666667 Hits=0
Generation 2
Subpop 0 best fitness of generation: Fitness: Standardized=0.03448276 Adjusted=0.9666667 Hits=0
Subpop 0 best fitness of run: Fitness: Standardized=0.03448276 Adjusted=0.9666667 Hits=0
Reading data/iris.scale.tr
Reading data/iris.scale.v

| ECJ
| An evolutionary computation system (version 20)
| By Sean Luke
| Contributors: L. Panait, G. Balan, S. Paus, Z. Skolicki, R. Kicinger, E. Popovici,
|               K. Sullivan, J. Harrison, J. Bassett, R. Hubley, A. Desai, A. Chircop,
|               J. Compton, W. Haddon, S. Donnelly, B. Jamil, J. Zelibor, E. Kangas,
|               F. Abidi, H. Mooers, and J. O'Beirne
| URL: http://cs.gmu.edu/~eclab/projects/ecj/
| Mail: ecj-help@cs.gmu.edu
|       (better: join ECJ-INTEREST at URL above)
| Date: December 15, 2010
| Current Java: 1.6.0_24 / OpenJDK Server VM-20.0-b12
| Required Minimum Java: 1.4


Threads:  breed/2 eval/2
Seed: 987539272 134280905 
Job: 0
Setting up
Processing GP Types
Processing GP Node Constraints
Processing GP Function Sets
Processing GP Tree Constraints
WARNING:
In function set f0 for the GPTreeConstraints tc0, no *nonterminals* are given with the return type c_gamma which is required by other functions in the function set or by the tree's return type.  This may or may not be a problem for you.
PARAMETER: gp.tc.0
WARNING:
In function set f0 for the GPTreeConstraints tc0, no *nonterminals* are given with the return type c_coef which is required by other functions in the function set or by the tree's return type.  This may or may not be a problem for you.
PARAMETER: gp.tc.0
WARNING:
In function set f0 for the GPTreeConstraints tc0, no *nonterminals* are given with the return type c_degree which is required by other functions in the function set or by the tree's return type.  This may or may not be a problem for you.
PARAMETER: gp.tc.0
WARNING:
In function set f0 for the GPTreeConstraints tc0, no *nonterminals* are given with the return type c_a which is required by other functions in the function set or by the tree's return type.  This may or may not be a problem for you.
PARAMETER: gp.tc.0
Reading data/iris.scale.tr
Reading data/iris.scale.t
ONCE-ONLY WARNING:
KozaStatistics is deprecated and will soon be deleted.  Use SimpleStatistics instead.
Initializing Generation 0
Subpop 0 best fitness of generation: Fitness: Standardized=0.03448276 Adjusted=0.9666667 Hits=0
Subpop 0 best fitness of run: Fitness: Standardized=0.03448276 Adjusted=0.9666667 Hits=0
Reading data/iris.scale.tr
Reading data/iris.scale.v

| ECJ
| An evolutionary computation system (version 20)
| By Sean Luke
| Contributors: L. Panait, G. Balan, S. Paus, Z. Skolicki, R. Kicinger, E. Popovici,
|               K. Sullivan, J. Harrison, J. Bassett, R. Hubley, A. Desai, A. Chircop,
|               J. Compton, W. Haddon, S. Donnelly, B. Jamil, J. Zelibor, E. Kangas,
|               F. Abidi, H. Mooers, and J. O'Beirne
| URL: http://cs.gmu.edu/~eclab/projects/ecj/
| Mail: ecj-help@cs.gmu.edu
|       (better: join ECJ-INTEREST at URL above)
| Date: December 15, 2010
| Current Java: 1.6.0_24 / OpenJDK Server VM-20.0-b12
| Required Minimum Java: 1.4


Threads:  breed/2 eval/2
Seed: 987556275 134280905 
Job: 0
Setting up
Processing GP Types
Processing GP Node Constraints
Processing GP Function Sets
Processing GP Tree Constraints
WARNING:
In function set f0 for the GPTreeConstraints tc0, no *nonterminals* are given with the return type c_gamma which is required by other functions in the function set or by the tree's return type.  This may or may not be a problem for you.
PARAMETER: gp.tc.0
WARNING:
In function set f0 for the GPTreeConstraints tc0, no *nonterminals* are given with the return type c_coef which is required by other functions in the function set or by the tree's return type.  This may or may not be a problem for you.
PARAMETER: gp.tc.0
WARNING:
In function set f0 for the GPTreeConstraints tc0, no *nonterminals* are given with the return type c_degree which is required by other functions in the function set or by the tree's return type.  This may or may not be a problem for you.
PARAMETER: gp.tc.0
WARNING:
In function set f0 for the GPTreeConstraints tc0, no *nonterminals* are given with the return type c_a which is required by other functions in the function set or by the tree's return type.  This may or may not be a problem for you.
PARAMETER: gp.tc.0
Reading data/iris.scale.tr
Reading data/iris.scale.t
ONCE-ONLY WARNING:
KozaStatistics is deprecated and will soon be deleted.  Use SimpleStatistics instead.
Initializing Generation 0
Subpop 0 best fitness of generation: Fitness: Standardized=0.03448276 Adjusted=0.9666667 Hits=0
Generation 1
Subpop 0 best fitness of generation: Fitness: Standardized=0.03448276 Adjusted=0.9666667 Hits=0
Generation 2
Subpop 0 best fitness of generation: Fitness: Standardized=0.03448276 Adjusted=0.9666667 Hits=0
Subpop 0 best fitness of run: Fitness: Standardized=0.03448276 Adjusted=0.9666667 Hits=0
Reading data/iris.scale.tr
Reading data/iris.scale.v

| ECJ
| An evolutionary computation system (version 20)
| By Sean Luke
| Contributors: L. Panait, G. Balan, S. Paus, Z. Skolicki, R. Kicinger, E. Popovici,
|               K. Sullivan, J. Harrison, J. Bassett, R. Hubley, A. Desai, A. Chircop,
|               J. Compton, W. Haddon, S. Donnelly, B. Jamil, J. Zelibor, E. Kangas,
|               F. Abidi, H. Mooers, and J. O'Beirne
| URL: http://cs.gmu.edu/~eclab/projects/ecj/
| Mail: ecj-help@cs.gmu.edu
|       (better: join ECJ-INTEREST at URL above)
| Date: December 15, 2010
| Current Java: 1.6.0_24 / OpenJDK Server VM-20.0-b12
| Required Minimum Java: 1.4


Threads:  breed/2 eval/2
Seed: 987568982 134280905 
Job: 0
Setting up
Processing GP Types
Processing GP Node Constraints
Processing GP Function Sets
Processing GP Tree Constraints
WARNING:
In function set f0 for the GPTreeConstraints tc0, no *nonterminals* are given with the return type c_coef which is required by other functions in the function set or by the tree's return type.  This may or may not be a problem for you.
PARAMETER: gp.tc.0
WARNING:
In function set f0 for the GPTreeConstraints tc0, no *nonterminals* are given with the return type c_degree which is required by other functions in the function set or by the tree's return type.  This may or may not be a problem for you.
PARAMETER: gp.tc.0
WARNING:
In function set f0 for the GPTreeConstraints tc0, no *nonterminals* are given with the return type c_gamma which is required by other functions in the function set or by the tree's return type.  This may or may not be a problem for you.
PARAMETER: gp.tc.0
WARNING:
In function set f0 for the GPTreeConstraints tc0, no *nonterminals* are given with the return type c_a which is required by other functions in the function set or by the tree's return type.  This may or may not be a problem for you.
PARAMETER: gp.tc.0
Reading data/iris.scale.tr
Reading data/iris.scale.t
ONCE-ONLY WARNING:
KozaStatistics is deprecated and will soon be deleted.  Use SimpleStatistics instead.
Initializing Generation 0
Subpop 0 best fitness of generation: Fitness: Standardized=0.03448276 Adjusted=0.9666667 Hits=0
Subpop 0 best fitness of run: Fitness: Standardized=0.03448276 Adjusted=0.9666667 Hits=0
Reading data/iris.scale.tr
Reading data/iris.scale.v

| ECJ
| An evolutionary computation system (version 20)
| By Sean Luke
| Contributors: L. Panait, G. Balan, S. Paus, Z. Skolicki, R. Kicinger, E. Popovici,
|               K. Sullivan, J. Harrison, J. Bassett, R. Hubley, A. Desai, A. Chircop,
|               J. Compton, W. Haddon, S. Donnelly, B. Jamil, J. Zelibor, E. Kangas,
|               F. Abidi, H. Mooers, and J. O'Beirne
| URL: http://cs.gmu.edu/~eclab/projects/ecj/
| Mail: ecj-help@cs.gmu.edu
|       (better: join ECJ-INTEREST at URL above)
| Date: December 15, 2010
| Current Java: 1.6.0_24 / OpenJDK Server VM-20.0-b12
| Required Minimum Java: 1.4


Threads:  breed/2 eval/2
Seed: 987579202 134280905 
Job: 0
Setting up
Processing GP Types
Processing GP Node Constraints
Processing GP Function Sets
Processing GP Tree Constraints
WARNING:
In function set f0 for the GPTreeConstraints tc0, no *nonterminals* are given with the return type c_coef which is required by other functions in the function set or by the tree's return type.  This may or may not be a problem for you.
PARAMETER: gp.tc.0
WARNING:
In function set f0 for the GPTreeConstraints tc0, no *nonterminals* are given with the return type c_degree which is required by other functions in the function set or by the tree's return type.  This may or may not be a problem for you.
PARAMETER: gp.tc.0
WARNING:
In function set f0 for the GPTreeConstraints tc0, no *nonterminals* are given with the return type c_gamma which is required by other functions in the function set or by the tree's return type.  This may or may not be a problem for you.
PARAMETER: gp.tc.0
WARNING:
In function set f0 for the GPTreeConstraints tc0, no *nonterminals* are given with the return type c_a which is required by other functions in the function set or by the tree's return type.  This may or may not be a problem for you.
PARAMETER: gp.tc.0
Reading data/iris.scale.tr
Reading data/iris.scale.t
ONCE-ONLY WARNING:
KozaStatistics is deprecated and will soon be deleted.  Use SimpleStatistics instead.
Initializing Generation 0
Subpop 0 best fitness of generation: Fitness: Standardized=0.03448276 Adjusted=0.9666667 Hits=0
Generation 1
Subpop 0 best fitness of generation: Fitness: Standardized=0.03448276 Adjusted=0.9666667 Hits=0
Generation 2
Subpop 0 best fitness of generation: Fitness: Standardized=0.03448276 Adjusted=0.9666667 Hits=0
Subpop 0 best fitness of run: Fitness: Standardized=0.03448276 Adjusted=0.9666667 Hits=0
Reading data/iris.scale.tr
Reading data/iris.scale.v
