Running experiment for mushrooms dataset
	Population size:1, generations size:3
		Processing data/mushrooms.seed0
		Time: 2.063 s	accuracy:100.000
		Processing data/mushrooms.seed1
		Time: 3.291 s	accuracy:100.000
		Processing data/mushrooms.seed2
		Time: 4.968 s	accuracy:100.000
		Processing data/mushrooms.seed3
		Time: 5.619 s	accuracy:98.769
		Processing data/mushrooms.seed4
		Time: 2.581 s	accuracy:100.000
	Avg. time: 3.704 s	Avg. accuracy: 99.754
	Population size:1, generations size:4
		Processing data/mushrooms.seed0
		Time: 9.286 s	accuracy:100.000
		Processing data/mushrooms.seed1
		Time: 11.010 s	accuracy:100.000
		Processing data/mushrooms.seed2
		Time: 3.487 s	accuracy:99.951
		Processing data/mushrooms.seed3
		Time: 1.024 s	accuracy:100.000
		Processing data/mushrooms.seed4
		Time: 6.196 s	accuracy:97.341
	Avg. time: 6.200 s	Avg. accuracy: 99.458
	Population size:1, generations size:5
		Processing data/mushrooms.seed0
		Time: 7.460 s	accuracy:100.000
		Processing data/mushrooms.seed1
		Time: 1.560 s	accuracy:100.000
		Processing data/mushrooms.seed2
		Time: 8.949 s	accuracy:98.277
		Processing data/mushrooms.seed3
		Time: 1.874 s	accuracy:100.000
		Processing data/mushrooms.seed4
		Time: 38.927 s	accuracy:100.000
	Avg. time: 11.754 s	Avg. accuracy: 99.655
	Population size:11, generations size:3
		Processing data/mushrooms.seed0
		Time: 845.130 s	accuracy:100.000
		Processing data/mushrooms.seed1
		Time: 1270.983 s	accuracy:100.000
		Processing data/mushrooms.seed2
		Time: 858.216 s	accuracy:100.000
		Processing data/mushrooms.seed3
		Time: 517.003 s	accuracy:100.000
		Processing data/mushrooms.seed4
		Time: 546.141 s	accuracy:100.000
	Avg. time: 807.495 s	Avg. accuracy: 100.000
	Population size:11, generations size:4
		Processing data/mushrooms.seed0
		Time: 612.676 s	accuracy:100.000
		Processing data/mushrooms.seed1
		Time: 886.096 s	accuracy:100.000
		Processing data/mushrooms.seed2
		Time: 718.762 s	accuracy:100.000
		Processing data/mushrooms.seed3
		Time: 16.981 s	accuracy:99.902
		Processing data/mushrooms.seed4
		Time: 195.118 s	accuracy:100.000
	Avg. time: 485.927 s	Avg. accuracy: 99.980
	Population size:11, generations size:5
		Processing data/mushrooms.seed0
		Time: 498.779 s	accuracy:100.000
		Processing data/mushrooms.seed1
		Time: 734.322 s	accuracy:99.852
		Processing data/mushrooms.seed2
Traceback (most recent call last):
  File "experiment.py", line 210, in <module>
    fitness, accuracy = results.split()
ValueError: need more than 0 values to unpack
