\BOOKMARK [0][]{chapter.1}{\376\377\0001\000\040\000W\000p\000r\000o\000w\000a\000d\000z\000e\000n\000i\000e}{}
\BOOKMARK [1][]{section.1.1}{\376\377\0001\000.\0001\000\040\000C\000e\000l\000\040\000i\000\040\000z\000a\000k\000r\000e\000s\000\040\000p\000r\000a\000c\000y}{chapter.1}
\BOOKMARK [1][]{section.1.2}{\376\377\0001\000.\0002\000\040\000S\000t\000r\000u\000k\000t\000u\000r\000a\000\040\000p\000r\000a\000c\000y}{chapter.1}
\BOOKMARK [0][]{chapter.2}{\376\377\0002\000\040\000P\000o\000d\000s\000t\000a\000w\000y\000\040\000t\000e\000o\000r\000e\000t\000y\000c\000z\000n\000e}{}
\BOOKMARK [1][]{section.2.1}{\376\377\0002\000.\0001\000\040\000S\000V\000M}{chapter.2}
\BOOKMARK [1][]{section.2.2}{\376\377\0002\000.\0002\000\040\000P\000r\000o\000g\000r\000a\000m\000o\000w\000a\000n\000i\000e\000\040\000g\000e\000n\000e\000t\000y\000c\000z\000n\000e}{chapter.2}
\BOOKMARK [1][]{section.2.3}{\376\377\0002\000.\0003\000\040\000E\000q\000o\000l\000u\000c\000j\000a\000\040\000k\000e\000r\000n\000e\000l\000i}{chapter.2}
\BOOKMARK [1][]{section.2.4}{\376\377\0002\000.\0004\000\040\000O\000b\000r\000a\000z\000o\000w\000a\000n\000i\000e\000\040\000m\000\363\000z\000g\000u\000\040\000p\000r\000z\000y\000\040\000p\000o\000m\000o\000c\000y\000\040\000f\000M\000R\000I}{chapter.2}
\BOOKMARK [1][]{section.2.5}{\376\377\0002\000.\0005\000\040\000A\000D\000H\000D}{chapter.2}
\BOOKMARK [0][]{chapter.3}{\376\377\0003\000\040\000O\000p\000i\000s\000\040\000i\000m\000p\000l\000e\000m\000e\000n\000t\000a\000c\000j\000i\000\040\000a\000l\000g\000o\000r\000y\000t\000m\000u\000\040\000K\000e\000r\000n\000e\000l\000\040\000G\000P}{}
\BOOKMARK [1][]{section.3.1}{\376\377\0003\000.\0001\000\040\000O\000p\000i\000s\000\040\000r\000o\000z\000s\000z\000e\000r\000z\000e\001\104\000\040\000a\000l\000g\000o\000r\000y\000t\000m\000u}{chapter.3}
\BOOKMARK [2][]{subsection.3.1.1}{\376\377\0003\000.\0001\000.\0001\000\040\000L\000o\000k\000a\000l\000n\000a\000\040\000o\000p\000t\000y\000m\000a\000l\000i\000z\000a\000c\000j\000a\000\040\000s\000t\000a\001\102\000y\000c\000h}{section.3.1}
\BOOKMARK [1][]{section.3.2}{\376\377\0003\000.\0002\000\040\000Z\001\102\000o\001\174\000o\000n\000o\001\133\001\007\000\040\000o\000b\000l\000i\000c\000z\000e\000n\000i\000o\000w\000a}{chapter.3}
\BOOKMARK [0][]{chapter.4}{\376\377\0004\000\040\000W\000y\000n\000i\000k\000i\000\040\000d\000z\000i\000a\001\102\000a\000n\000i\000a\000\040\000a\000l\000g\000o\000r\000y\000t\000m\000u\000\040\000n\000a\000\040\000p\000o\000p\000u\000l\000a\000r\000n\000y\000c\000h\000\040\000z\000b\000i\000o\000r\000a\000c\000h\000\040\000d\000a\000n\000y\000c\000h}{}
\BOOKMARK [1][]{section.4.1}{\376\377\0004\000.\0001\000\040\000D\000o\000k\001\102\000a\000d\000n\000o\001\133\001\007}{chapter.4}
\BOOKMARK [0][]{chapter.5}{\376\377\0005\000\040\000C\000a\000s\000e\000\040\000s\000t\000u\000d\000y\000\040\000-\000\040\000k\000l\000a\000s\000y\000f\000i\000k\000a\000c\000j\000a\000\040\000d\000a\000n\000y\000c\000h\000\040\000A\000D\000H\000D\000\040\0002\0000\0000}{}
\BOOKMARK [1][]{section.5.1}{\376\377\0005\000.\0001\000\040\000O\000p\000i\000s\000\040\000z\000b\000i\000o\000r\000u\000\040\000d\000a\000n\000y\000c\000h}{chapter.5}
\BOOKMARK [2][]{subsection.5.1.1}{\376\377\0005\000.\0001\000.\0001\000\040\000S\000u\000r\000o\000w\000e\000\040\000d\000a\000n\000e}{section.5.1}
\BOOKMARK [2][]{subsection.5.1.2}{\376\377\0005\000.\0001\000.\0002\000\040\000P\000r\000e\000p\000r\000o\000c\000e\000s\000s\000i\000n\000g}{section.5.1}
\BOOKMARK [1][]{section.5.2}{\376\377\0005\000.\0002\000\040\000K\000o\000n\000s\000t\000r\000u\000k\000c\000j\000a\000\040\000i\000\040\000s\000e\000l\000e\000k\000c\000j\000a\000\040\000c\000e\000c\000h}{chapter.5}
\BOOKMARK [1][]{section.5.3}{\376\377\0005\000.\0003\000\040\000W\000y\000n\000i\000k\000i\000\040\000k\000l\000a\000s\000y\000f\000i\000k\000a\000c\000j\000i}{chapter.5}
\BOOKMARK [2][]{subsection.5.3.1}{\376\377\0005\000.\0003\000.\0001\000\040\000K\000e\000r\000n\000e\000l\000\040\000G\000P}{section.5.3}
\BOOKMARK [2][]{subsection.5.3.2}{\376\377\0005\000.\0003\000.\0002\000\040\000P\000o\000r\000\363\000w\000n\000a\000n\000i\000e\000\040\000z\000\040\000i\000n\000n\000y\000m\000i\000\040\000a\000l\000g\000o\000r\000y\000t\000m\000a\000m\000i}{section.5.3}
\BOOKMARK [0][]{chapter.6}{\376\377\0006\000\040\000P\000o\000d\000s\000u\000m\000o\000w\000a\000n\000i\000e}{}
\BOOKMARK [0][]{section*.4}{\376\377\000Z\000a\000s\000o\000b\000y\000\040\000i\000n\000t\000e\000r\000n\000e\000t\000o\000w\000e}{}
